This is pdfTeX, Version 3.1415926-2.3-1.40.12 (MiKTeX 2.9) (preloaded format=pdflatex 2016.6.12)  26 NOV 2017 20:30
entering extended mode
**D:/latex/dynamic*grid/A*local-adjustment*based*two-dimensional*Delaunay*trian
gular*mesh*generation*method*on*a*bounded*domain*with*moving*boundary-ch_ver.te
x

("D:/latex/dynamic grid/A local-adjustment based two-dimensional Delaunay trian
gular mesh generation method on a bounded domain with moving boundary-ch_ver.te
x"
LaTeX2e <2011/06/27>
Babel <v3.8m> and hyphenation patterns for loaded.
("D:\latex\dynamic grid\IEEEtran.cls"
Document Class: IEEEtran 2015/08/26 V1.8b by Michael Shell
-- See the "IEEEtran_HOWTO" manual for usage information.
-- http://www.michaelshell.org/tex/ieeetran/
\@IEEEtrantmpdimenA=\dimen102
\@IEEEtrantmpdimenB=\dimen103
\@IEEEtrantmpdimenC=\dimen104
\@IEEEtrantmpcountA=\count79
\@IEEEtrantmpcountB=\count80
\@IEEEtrantmpcountC=\count81
\@IEEEtrantmptoksA=\toks14
LaTeX Font Info:    Try loading font information for OT1+ptm on input line 503.

(C:\CTEX\MiKTeX\tex\latex\psnfss\ot1ptm.fd
File: ot1ptm.fd 2001/06/04 font definitions for OT1/ptm.
)
-- Using 8.5in x 11in (letter) paper.
-- Using PDF output.
\@IEEEnormalsizeunitybaselineskip=\dimen105
-- This is a 10 point document.
\CLASSINFOnormalsizebaselineskip=\dimen106
\CLASSINFOnormalsizeunitybaselineskip=\dimen107
\IEEEnormaljot=\dimen108
LaTeX Font Info:    Font shape `OT1/ptm/bx/n' in size <5> not available
(Font)              Font shape `OT1/ptm/b/n' tried instead on input line 1090.
LaTeX Font Info:    Font shape `OT1/ptm/bx/it' in size <5> not available
(Font)              Font shape `OT1/ptm/b/it' tried instead on input line 1090.

LaTeX Font Info:    Font shape `OT1/ptm/bx/n' in size <7> not available
(Font)              Font shape `OT1/ptm/b/n' tried instead on input line 1090.
LaTeX Font Info:    Font shape `OT1/ptm/bx/it' in size <7> not available
(Font)              Font shape `OT1/ptm/b/it' tried instead on input line 1090.

LaTeX Font Info:    Font shape `OT1/ptm/bx/n' in size <8> not available
(Font)              Font shape `OT1/ptm/b/n' tried instead on input line 1090.
LaTeX Font Info:    Font shape `OT1/ptm/bx/it' in size <8> not available
(Font)              Font shape `OT1/ptm/b/it' tried instead on input line 1090.

LaTeX Font Info:    Font shape `OT1/ptm/bx/n' in size <9> not available
(Font)              Font shape `OT1/ptm/b/n' tried instead on input line 1090.
LaTeX Font Info:    Font shape `OT1/ptm/bx/it' in size <9> not available
(Font)              Font shape `OT1/ptm/b/it' tried instead on input line 1090.

LaTeX Font Info:    Font shape `OT1/ptm/bx/n' in size <10> not available
(Font)              Font shape `OT1/ptm/b/n' tried instead on input line 1090.
LaTeX Font Info:    Font shape `OT1/ptm/bx/it' in size <10> not available
(Font)              Font shape `OT1/ptm/b/it' tried instead on input line 1090.

LaTeX Font Info:    Font shape `OT1/ptm/bx/n' in size <11> not available
(Font)              Font shape `OT1/ptm/b/n' tried instead on input line 1090.
LaTeX Font Info:    Font shape `OT1/ptm/bx/it' in size <11> not available
(Font)              Font shape `OT1/ptm/b/it' tried instead on input line 1090.

LaTeX Font Info:    Font shape `OT1/ptm/bx/n' in size <12> not available
(Font)              Font shape `OT1/ptm/b/n' tried instead on input line 1090.
LaTeX Font Info:    Font shape `OT1/ptm/bx/it' in size <12> not available
(Font)              Font shape `OT1/ptm/b/it' tried instead on input line 1090.

LaTeX Font Info:    Font shape `OT1/ptm/bx/n' in size <17> not available
(Font)              Font shape `OT1/ptm/b/n' tried instead on input line 1090.
LaTeX Font Info:    Font shape `OT1/ptm/bx/it' in size <17> not available
(Font)              Font shape `OT1/ptm/b/it' tried instead on input line 1090.

LaTeX Font Info:    Font shape `OT1/ptm/bx/n' in size <20> not available
(Font)              Font shape `OT1/ptm/b/n' tried instead on input line 1090.
LaTeX Font Info:    Font shape `OT1/ptm/bx/it' in size <20> not available
(Font)              Font shape `OT1/ptm/b/it' tried instead on input line 1090.

LaTeX Font Info:    Font shape `OT1/ptm/bx/n' in size <24> not available
(Font)              Font shape `OT1/ptm/b/n' tried instead on input line 1090.
LaTeX Font Info:    Font shape `OT1/ptm/bx/it' in size <24> not available
(Font)              Font shape `OT1/ptm/b/it' tried instead on input line 1090.

\IEEEquantizedlength=\dimen109
\IEEEquantizedlengthdiff=\dimen110
\IEEEquantizedtextheightdiff=\dimen111
\IEEEilabelindentA=\dimen112
\IEEEilabelindentB=\dimen113
\IEEEilabelindent=\dimen114
\IEEEelabelindent=\dimen115
\IEEEdlabelindent=\dimen116
\IEEElabelindent=\dimen117
\IEEEiednormlabelsep=\dimen118
\IEEEiedmathlabelsep=\dimen119
\IEEEiedtopsep=\skip41
\c@section=\count82
\c@subsection=\count83
\c@subsubsection=\count84
\c@paragraph=\count85
\c@IEEEsubequation=\count86
\abovecaptionskip=\skip42
\belowcaptionskip=\skip43
\c@figure=\count87
\c@table=\count88
\@IEEEeqnnumcols=\count89
\@IEEEeqncolcnt=\count90
\@IEEEsubeqnnumrollback=\count91
\@IEEEquantizeheightA=\dimen120
\@IEEEquantizeheightB=\dimen121
\@IEEEquantizeheightC=\dimen122
\@IEEEquantizeprevdepth=\dimen123
\@IEEEquantizemultiple=\count92
\@IEEEquantizeboxA=\box26
\@IEEEtmpitemindent=\dimen124
\IEEEPARstartletwidth=\dimen125
\c@IEEEbiography=\count93
\@IEEEtranrubishbin=\box27
) (C:\CTEX\MiKTeX\tex\latex\ctex\ctex.sty
Package: ctex 2011/03/11 v1.02c ctex macros package

(C:\CTEX\MiKTeX\tex\latex\ctex\opt\ctex-common-opts.def)
(C:\CTEX\CTeX\tex\latex\ctex\cfg\ctexopts.cfg)
(C:\CTEX\MiKTeX\tex\latex\ctex\def\ctex-common.def
(C:\CTEX\MiKTeX\tex\latex\l3kernel\expl3.sty
(C:\CTEX\MiKTeX\tex\latex\l3kernel\l3names.sty
(C:\CTEX\MiKTeX\tex\latex\l3kernel\l3bootstrap.sty
Package: l3bootstrap 2011/12/29 v3110 L3 Experimental bootstrap code
)
Package: l3names 2011/12/30 v3113 L3 Experimental namespace for primitives
)
(C:\CTEX\MiKTeX\tex\latex\misc\etex.sty
Package: etex 1998/03/26 v2.0 eTeX basic definition package (PEB)
\et@xins=\count94
)
Package: expl3 2012/02/26 v3471 L3 Experimental code bundle wrapper

(C:\CTEX\MiKTeX\tex\latex\graphics\color.sty
Package: color 2005/11/14 v1.0j Standard LaTeX Color (DPC)

(C:\CTEX\MiKTeX\tex\latex\00miktex\color.cfg
File: color.cfg 2007/01/18 v1.5 color configuration of teTeX/TeXLive
)
Package color Info: Driver file: pdftex.def on input line 130.

(C:\CTEX\MiKTeX\tex\latex\pdftex-def\pdftex.def
File: pdftex.def 2011/05/27 v0.06d Graphics/color for pdfTeX

(C:\CTEX\MiKTeX\tex\generic\oberdiek\infwarerr.sty
Package: infwarerr 2010/04/08 v1.3 Providing info/warning/message (HO)
)
(C:\CTEX\MiKTeX\tex\generic\oberdiek\ltxcmds.sty
Package: ltxcmds 2011/04/18 v1.20 LaTeX kernel commands for general use (HO)
)
\Gread@gobject=\count95
))
(C:\CTEX\MiKTeX\tex\latex\graphics\graphics.sty
Package: graphics 2009/02/05 v1.0o Standard LaTeX Graphics (DPC,SPQR)

(C:\CTEX\MiKTeX\tex\latex\graphics\trig.sty
Package: trig 1999/03/16 v1.09 sin cos tan (DPC)
)
(C:\CTEX\MiKTeX\tex\latex\00miktex\graphics.cfg
File: graphics.cfg 2007/01/18 v1.5 graphics configuration of teTeX/TeXLive
)
Package graphics Info: Driver file: pdftex.def on input line 91.
)
(C:\CTEX\MiKTeX\tex\latex\l3kernel\l3basics.sty
Package: l3basics 2012/02/26 v3460 L3 Experimental basic definitions
)
(C:\CTEX\MiKTeX\tex\latex\l3kernel\l3expan.sty
Package: l3expan 2012/02/26 v3460 L3 Experimental argument expansion
)
(C:\CTEX\MiKTeX\tex\latex\l3kernel\l3tl.sty
Package: l3tl 2012/02/26 v3460 L3 Experimental token lists
)
(C:\CTEX\MiKTeX\tex\latex\l3kernel\l3seq.sty
Package: l3seq 2012/01/09 v3158 L3 Experimental sequences and stacks
)
(C:\CTEX\MiKTeX\tex\latex\l3kernel\l3int.sty
Package: l3int 2012/02/26 v3460 L3 Experimental integers
\c_max_int=\count96
\l_tmpa_int=\count97
\l_tmpb_int=\count98
\l_tmpc_int=\count99
\g_tmpa_int=\count100
\g_tmpb_int=\count101
)
(C:\CTEX\MiKTeX\tex\latex\l3kernel\l3quark.sty
Package: l3quark 2012/02/12 v3384 L3 Experimental quarks
)
(C:\CTEX\MiKTeX\tex\latex\l3kernel\l3prg.sty
Package: l3prg 2012/02/26 v3464 L3 Experimental control structures
\g_prg_map_int=\count102
)
(C:\CTEX\MiKTeX\tex\latex\l3kernel\l3clist.sty
Package: l3clist 2012/02/26 v3460 L3 Experimental comma separated lists
)
(C:\CTEX\MiKTeX\tex\latex\l3kernel\l3token.sty
Package: l3token 2012/02/26 v3460 L3 Experimental token manipulation
)
(C:\CTEX\MiKTeX\tex\latex\l3kernel\l3prop.sty
Package: l3prop 2012/02/26 v3460 L3 Experimental property lists
)
(C:\CTEX\MiKTeX\tex\latex\l3kernel\l3msg.sty
Package: l3msg 2012/02/26 v3470 L3 Experimental messages
)
(C:\CTEX\MiKTeX\tex\latex\l3kernel\l3file.sty
Package: l3file 2012/02/26 v3464 L3 Experimental file and I/O operations
\l_iow_stream_int=\count103
\l_iow_line_length_int=\count104
\l_iow_target_length_int=\count105
\l_iow_current_line_int=\count106
\l_iow_current_word_int=\count107
\l_iow_current_indentation_int=\count108
)
(C:\CTEX\MiKTeX\tex\latex\l3kernel\l3skip.sty
Package: l3skip 2012/02/26 v3460 L3 Experimental dimensions and skips
\l_tmpa_dim=\dimen126
\l_tmpb_dim=\dimen127
\l_tmpc_dim=\dimen128
\g_tmpa_dim=\dimen129
\g_tmpb_dim=\dimen130
\l_tmpa_skip=\skip44
\l_tmpb_skip=\skip45
\l_tmpc_skip=\skip46
\g_tmpa_skip=\skip47
\g_tmpb_skip=\skip48
)
(C:\CTEX\MiKTeX\tex\latex\l3kernel\l3keys.sty
Package: l3keys 2011/12/22 v3086 L3 Experimental key-value interfaces
\g_keyval_level_int=\count109
\l_keys_choice_int=\count110
)
(C:\CTEX\MiKTeX\tex\latex\l3kernel\l3fp.sty
Package: l3fp 2012/02/06 v3315 L3 Experimental floating-point operations
\c_one_million=\count111
\c_one_hundred_million=\count112
\c_five_hundred_million=\count113
\c_one_thousand_million=\count114
\c_fp_pi_by_four_decimal_int=\count115
\c_fp_pi_by_four_extended_int=\count116
\c_fp_pi_decimal_int=\count117
\c_fp_pi_extended_int=\count118
\c_fp_two_pi_decimal_int=\count119
\c_fp_two_pi_extended_int=\count120
\l_fp_count_int=\count121
\l_fp_div_offset_int=\count122
\l_fp_exp_integer_int=\count123
\l_fp_exp_decimal_int=\count124
\l_fp_exp_extended_int=\count125
\l_fp_exp_exponent_int=\count126
\l_fp_input_a_sign_int=\count127
\l_fp_input_a_integer_int=\count128
\l_fp_input_a_decimal_int=\count129
\l_fp_input_a_exponent_int=\count130
\l_fp_input_b_sign_int=\count131
\l_fp_input_b_integer_int=\count132
\l_fp_input_b_decimal_int=\count133
\l_fp_input_b_exponent_int=\count134
\l_fp_input_a_extended_int=\count135
\l_fp_input_b_extended_int=\count136
\l_fp_mul_a_i_int=\count137
\l_fp_mul_a_ii_int=\count138
\l_fp_mul_a_iii_int=\count139
\l_fp_mul_a_iv_int=\count140
\l_fp_mul_a_v_int=\count141
\l_fp_mul_a_vi_int=\count142
\l_fp_mul_b_i_int=\count143
\l_fp_mul_b_ii_int=\count144
\l_fp_mul_b_iii_int=\count145
\l_fp_mul_b_iv_int=\count146
\l_fp_mul_b_v_int=\count147
\l_fp_mul_b_vi_int=\count148
\l_fp_mul_output_int=\count149
\l_fp_output_sign_int=\count150
\l_fp_output_integer_int=\count151
\l_fp_output_decimal_int=\count152
\l_fp_output_exponent_int=\count153
\l_fp_output_extended_int=\count154
\l_fp_round_position_int=\count155
\l_fp_round_target_int=\count156
\l_fp_split_sign_int=\count157
\l_fp_internal_int=\count158
\l_fp_trig_octant_int=\count159
\l_fp_trig_sign_int=\count160
\l_fp_trig_decimal_int=\count161
\l_fp_trig_extended_int=\count162
\l_fp_internal_dim=\dimen131
\l_fp_internal_skip=\skip49
)
(C:\CTEX\MiKTeX\tex\latex\l3kernel\l3box.sty
Package: l3box 2012/02/18 v3432 L3 Experimental boxes
\l_tmpb_box=\box28
\l_box_top_dim=\dimen132
\l_box_bottom_dim=\dimen133
\l_box_left_dim=\dimen134
\l_box_right_dim=\dimen135
\l_box_top_new_dim=\dimen136
\l_box_bottom_new_dim=\dimen137
\l_box_left_new_dim=\dimen138
\l_box_right_new_dim=\dimen139
\l_box_internal_box=\box29
)
(C:\CTEX\MiKTeX\tex\latex\l3kernel\l3coffins.sty
Package: l3coffins 2012/02/26 v3460 L3 Experimental coffin code layer
\l_coffin_internal_box=\box30
\l_coffin_internal_dim=\dimen140
\l_coffin_offset_x_dim=\dimen141
\l_coffin_offset_y_dim=\dimen142
\l_coffin_x_dim=\dimen143
\l_coffin_y_dim=\dimen144
\l_coffin_x_prime_dim=\dimen145
\l_coffin_y_prime_dim=\dimen146
\l_coffin_Depth_dim=\dimen147
\l_coffin_Height_dim=\dimen148
\l_coffin_TotalHeight_dim=\dimen149
\l_coffin_Width_dim=\dimen150
\c_empty_coffin=\box31
\l_coffin_aligned_coffin=\box32
\l_coffin_aligned_internal_coffin=\box33
\l_coffin_bounding_shift_dim=\dimen151
\l_coffin_left_corner_dim=\dimen152
\l_coffin_right_corner_dim=\dimen153
\l_coffin_bottom_corner_dim=\dimen154
\l_coffin_top_corner_dim=\dimen155
\l_coffin_scaled_total_height_dim=\dimen156
\l_coffin_scaled_width_dim=\dimen157
\l_coffin_display_coffin=\box34
\l_coffin_display_coord_coffin=\box35
\l_coffin_display_pole_coffin=\box36
\l_coffin_display_offset_dim=\dimen158
\l_coffin_display_x_dim=\dimen159
\l_coffin_display_y_dim=\dimen160
)
(C:\CTEX\MiKTeX\tex\latex\l3kernel\l3color.sty
Package: l3color 2011/09/07 v2776 L3 Experimental colour support
)
(C:\CTEX\MiKTeX\tex\latex\l3kernel\l3luatex.sty
Package: l3luatex 2012/02/09 v3355 L3 Experimental LuaTeX-specific functions
\g_cctab_allocate_int=\count163
\g_cctab_stack_int=\count164
))
(C:\CTEX\MiKTeX\tex\latex\etoolbox\etoolbox.sty
Package: etoolbox 2011/01/03 v2.1 e-TeX tools for LaTeX
\etb@tempcnta=\count165
)
(C:\CTEX\MiKTeX\tex\generic\oberdiek\ifpdf.sty
Package: ifpdf 2011/01/30 v2.3 Provides the ifpdf switch (HO)
Package ifpdf Info: pdfTeX in PDF mode is detected.
)
(C:\CTEX\MiKTeX\tex\generic\ifxetex\ifxetex.sty
Package: ifxetex 2010/09/12 v0.6 Provides ifxetex conditional
)
(C:\CTEX\MiKTeX\tex\latex\graphics\keyval.sty
Package: keyval 1999/03/16 v1.13 key=value parser (DPC)
\KV@toks@=\toks15
)
(C:\CTEX\MiKTeX\tex\latex\tools\indentfirst.sty
Package: indentfirst 1995/11/23 v1.03 Indent first paragraph (DPC)
)
(C:\CTEX\MiKTeX\tex\latex\base\fix-cm.sty
Package: fix-cm 2006/09/13 v1.1m fixes to LaTeX

(C:\CTEX\MiKTeX\tex\latex\base\ts1enc.def
File: ts1enc.def 2001/06/05 v3.0e (jk/car/fm) Standard LaTeX file
))
(C:\CTEX\MiKTeX\tex\latex\ctex\engine\ctex-cjk-engine.def
(C:\CTEX\MiKTeX\tex\latex\cjk\CJK.sty
Package: CJK 2008/12/29 4.8.2

(C:\CTEX\MiKTeX\tex\latex\cjk\mule\MULEenc.sty
Package: MULEenc 2008/12/29 4.8.2
)
(C:\CTEX\MiKTeX\tex\latex\cjk\CJK.enc
File: CJK.enc 2008/12/29 4.8.2
)
LaTeX Info: Redefining \selectfont on input line 756.
\CJK@indent=\box37
)
(C:\CTEX\CTeX\tex\latex\CJKpunct\CJKpunct.sty
Package: CJKpunct 2010/02/21 4.8.2-2
\CJKpunct@cnta=\count166
\CJKpunct@cntb=\count167
\CJKpunct@cntc=\count168
\CJKpunct@cntd=\count169
\CJKpunct@cnte=\count170

(C:\CTEX\CTeX\tex\latex\CJKpunct\CJKpunct.spa))
(C:\CTEX\MiKTeX\tex\latex\ctex\engine\ctex-cjk-common.def
\ccwd=\dimen161
)
(C:\CTEX\MiKTeX\tex\latex\ctex\fontset\ctex-cjk-winfonts.def
(C:\CTEX\MiKTeX\tex\generic\zhmetrics\zhwinfonts.tex
(C:\CTEX\MiKTeX\tex\generic\oberdiek\ifpdf.sty
Package ifpdf Info: The package is already loaded, stopped on input line 64.
){C:/CTEX/UserData/pdftex/config/pdftex.map{Unicode.sfd}{UGBK.sfd}})))
\CTEX@q=\count171
\CTEX@r=\count172
))
(C:\CTEX\MiKTeX\tex\latex\ctex\def\ctex-gbk.def)
(C:\CTEX\MiKTeX\tex\latex\ctex\cfg\ctex.cfg)
(C:\CTEX\MiKTeX\tex\latex\booktabs\booktabs.sty
Package: booktabs 2005/04/14 v1.61803 publication quality tables
\heavyrulewidth=\dimen162
\lightrulewidth=\dimen163
\cmidrulewidth=\dimen164
\belowrulesep=\dimen165
\belowbottomsep=\dimen166
\aboverulesep=\dimen167
\abovetopsep=\dimen168
\cmidrulesep=\dimen169
\cmidrulekern=\dimen170
\defaultaddspace=\dimen171
\@cmidla=\count173
\@cmidlb=\count174
\@aboverulesep=\dimen172
\@belowrulesep=\dimen173
\@thisruleclass=\count175
\@lastruleclass=\count176
\@thisrulewidth=\dimen174
)
(C:\CTEX\MiKTeX\tex\latex\algorithm2e\algorithm2e.sty
Package: algorithm2e 2008/00/00 v3.10 algorithms environments
\c@AlgoLine=\count177

(C:\CTEX\MiKTeX\tex\latex\base\ifthen.sty
Package: ifthen 2001/05/26 v1.1c Standard LaTeX ifthen package (DPC)
)
(C:\CTEX\MiKTeX\tex\latex\tools\xspace.sty
Package: xspace 2009/10/20 v1.13 Space after command names (DPC,MH)
)
(C:\CTEX\MiKTeX\tex\latex\ltxmisc\relsize.sty
Package: relsize 2003/07/04 ver 3.1
)
********************************************************
Package `algorithm2e' Release 4.01 -- december 14 2009 --
- algorithm2e-announce@lirmm.fr mailing list for announcement about releases
- algorithm2e-discussion@lirmm.fr mailing list for discussion about package
subscribe by emailing sympa@lirmm.fr with 'subscribe <list> <firstname name>'
- Author: Christophe Fiorio (fiorio@lirmm.fr)
********************************************************
\skiptotal=\skip50
\skiplinenumber=\skip51
\skiprule=\skip52
\skiphlne=\skip53
\skiptext=\skip54
\skiplength=\skip55
\algomargin=\skip56
\skipalgocfslide=\skip57
\algowidth=\dimen175
\inoutsize=\dimen176
\inoutline=\dimen177
\interspacetitleruled=\dimen178
\interspacealgoruled=\dimen179
\interspacetitleboxruled=\dimen180
\algocf@inoutbox=\box38
\algocf@inputbox=\box39
\AlCapSkip=\skip58
\AlCapHSkip=\skip59
\algocf@nlbox=\box40
\algocf@hangingbox=\box41
\algocf@capbox=\box42
\algoheightruledefault=\skip60
\algoheightrule=\skip61
\algotitleheightruledefault=\skip62
\algotitleheightrule=\skip63
\c@algocfline=\count178
\c@algocfproc=\count179
\c@algocf=\count180
\algocf@algoframe=\box43
\algocf@algobox=\box44
) (C:\CTEX\MiKTeX\tex\latex\subfigure\subfigure.sty
Package: subfigure 2002/07/30 v2.1.4 subfigure package
\subfigtopskip=\skip64
\subfigcapskip=\skip65
\subfigcaptopadj=\dimen181
\subfigbottomskip=\skip66
\subfigcapmargin=\dimen182
\subfiglabelskip=\skip67
\c@subfigure=\count181
\c@lofdepth=\count182
\c@subtable=\count183
\c@lotdepth=\count184

****************************************
* Local config file subfigure.cfg used *
****************************************
(C:\CTEX\MiKTeX\tex\latex\subfigure\subfigure.cfg)
\subfig@top=\skip68
\subfig@bottom=\skip69
)
(C:\CTEX\MiKTeX\tex\latex\graphics\graphicx.sty
Package: graphicx 1999/02/16 v1.0f Enhanced LaTeX Graphics (DPC,SPQR)
\Gin@req@height=\dimen183
\Gin@req@width=\dimen184
)
(C:\CTEX\MiKTeX\tex\latex\ams\math\amsmath.sty
Package: amsmath 2000/07/18 v2.13 AMS math features
\@mathmargin=\skip70

For additional information on amsmath, use the `?' option.
(C:\CTEX\MiKTeX\tex\latex\ams\math\amstext.sty
Package: amstext 2000/06/29 v2.01

(C:\CTEX\MiKTeX\tex\latex\ams\math\amsgen.sty
File: amsgen.sty 1999/11/30 v2.0
\@emptytoks=\toks16
\ex@=\dimen185
))
(C:\CTEX\MiKTeX\tex\latex\ams\math\amsbsy.sty
Package: amsbsy 1999/11/29 v1.2d
\pmbraise@=\dimen186
)
(C:\CTEX\MiKTeX\tex\latex\ams\math\amsopn.sty
Package: amsopn 1999/12/14 v2.01 operator names
)
\inf@bad=\count185
LaTeX Info: Redefining \frac on input line 211.
\uproot@=\count186
\leftroot@=\count187
LaTeX Info: Redefining \overline on input line 307.
\classnum@=\count188
\DOTSCASE@=\count189
LaTeX Info: Redefining \ldots on input line 379.
LaTeX Info: Redefining \dots on input line 382.
LaTeX Info: Redefining \cdots on input line 467.
\Mathstrutbox@=\box45
\strutbox@=\box46
\big@size=\dimen187
LaTeX Font Info:    Redeclaring font encoding OML on input line 567.
LaTeX Font Info:    Redeclaring font encoding OMS on input line 568.
\macc@depth=\count190
\c@MaxMatrixCols=\count191
\dotsspace@=\muskip10
\c@parentequation=\count192
\dspbrk@lvl=\count193
\tag@help=\toks17
\row@=\count194
\column@=\count195
\maxfields@=\count196
\andhelp@=\toks18
\eqnshift@=\dimen188
\alignsep@=\dimen189
\tagshift@=\dimen190
\tagwidth@=\dimen191
\totwidth@=\dimen192
\lineht@=\dimen193
\@envbody=\toks19
\multlinegap=\skip71
\multlinetaggap=\skip72
\mathdisplay@stack=\toks20
LaTeX Info: Redefining \[ on input line 2666.
LaTeX Info: Redefining \] on input line 2667.
)
\c@myDef=\count197

("D:\latex\dynamic grid\A local-adjustment based two-dimensional Delaunay trian
gular mesh generation method on a bounded domain with moving boundary-ch_ver.au
x")
LaTeX Font Info:    Checking defaults for OML/cmm/m/it on input line 316.
LaTeX Font Info:    ... okay on input line 316.
LaTeX Font Info:    Checking defaults for T1/cmr/m/n on input line 316.
LaTeX Font Info:    ... okay on input line 316.
LaTeX Font Info:    Checking defaults for OT1/cmr/m/n on input line 316.
LaTeX Font Info:    ... okay on input line 316.
LaTeX Font Info:    Checking defaults for OMS/cmsy/m/n on input line 316.
LaTeX Font Info:    ... okay on input line 316.
LaTeX Font Info:    Checking defaults for OMX/cmex/m/n on input line 316.
LaTeX Font Info:    ... okay on input line 316.
LaTeX Font Info:    Checking defaults for U/cmr/m/n on input line 316.
LaTeX Font Info:    ... okay on input line 316.
LaTeX Font Info:    Checking defaults for TS1/cmr/m/n on input line 316.
LaTeX Font Info:    ... okay on input line 316.
LaTeX Font Info:    Checking defaults for C00/song/m/n on input line 316.
LaTeX Font Info:    ... okay on input line 316.
LaTeX Font Info:    Checking defaults for C05/song/m/n on input line 316.
LaTeX Font Info:    ... okay on input line 316.
LaTeX Font Info:    Checking defaults for C09/song/m/n on input line 316.
LaTeX Font Info:    ... okay on input line 316.
LaTeX Font Info:    Checking defaults for C10/song/m/n on input line 316.
LaTeX Font Info:    ... okay on input line 316.
LaTeX Font Info:    Checking defaults for C20/song/m/n on input line 316.
LaTeX Font Info:    ... okay on input line 316.
LaTeX Font Info:    Checking defaults for C19/song/m/n on input line 316.
LaTeX Font Info:    ... okay on input line 316.
LaTeX Font Info:    Checking defaults for C40/song/m/n on input line 316.
LaTeX Font Info:    ... okay on input line 316.
LaTeX Font Info:    Checking defaults for C42/song/m/n on input line 316.
LaTeX Font Info:    ... okay on input line 316.
LaTeX Font Info:    Checking defaults for C43/song/m/n on input line 316.
LaTeX Font Info:    ... okay on input line 316.
LaTeX Font Info:    Checking defaults for C50/song/m/n on input line 316.
LaTeX Font Info:    ... okay on input line 316.
LaTeX Font Info:    Checking defaults for C52/song/m/n on input line 316.
LaTeX Font Info:    ... okay on input line 316.
LaTeX Font Info:    Checking defaults for C49/song/m/n on input line 316.
LaTeX Font Info:    ... okay on input line 316.
LaTeX Font Info:    Checking defaults for C60/mj/m/n on input line 316.
LaTeX Font Info:    ... okay on input line 316.
LaTeX Font Info:    Checking defaults for C61/mj/m/n on input line 316.
LaTeX Font Info:    ... okay on input line 316.
LaTeX Font Info:    Checking defaults for C63/mj/m/n on input line 316.
LaTeX Font Info:    ... okay on input line 316.
LaTeX Font Info:    Checking defaults for C64/mj/m/n on input line 316.
LaTeX Font Info:    ... okay on input line 316.
LaTeX Font Info:    Checking defaults for C65/mj/m/n on input line 316.
LaTeX Font Info:    ... okay on input line 316.
LaTeX Font Info:    Checking defaults for C70/song/m/n on input line 316.
LaTeX Font Info:    ... okay on input line 316.
LaTeX Font Info:    Checking defaults for C31/song/m/n on input line 316.
LaTeX Font Info:    ... okay on input line 316.
LaTeX Font Info:    Checking defaults for C32/song/m/n on input line 316.
LaTeX Font Info:    ... okay on input line 316.
LaTeX Font Info:    Checking defaults for C33/song/m/n on input line 316.
LaTeX Font Info:    ... okay on input line 316.
LaTeX Font Info:    Checking defaults for C34/song/m/n on input line 316.
LaTeX Font Info:    ... okay on input line 316.
LaTeX Font Info:    Checking defaults for C35/song/m/n on input line 316.
LaTeX Font Info:    ... okay on input line 316.
LaTeX Font Info:    Checking defaults for C36/song/m/n on input line 316.
LaTeX Font Info:    ... okay on input line 316.
LaTeX Font Info:    Checking defaults for C37/song/m/n on input line 316.
LaTeX Font Info:    ... okay on input line 316.
LaTeX Font Info:    Checking defaults for C80/song/m/n on input line 316.
LaTeX Font Info:    ... okay on input line 316.
LaTeX Font Info:    Checking defaults for C81/song/m/n on input line 316.
LaTeX Font Info:    ... okay on input line 316.
LaTeX Font Info:    Checking defaults for C01/song/m/n on input line 316.
LaTeX Font Info:    ... okay on input line 316.
LaTeX Font Info:    Checking defaults for C11/song/m/n on input line 316.
LaTeX Font Info:    ... okay on input line 316.
LaTeX Font Info:    Checking defaults for C21/song/m/n on input line 316.
LaTeX Font Info:    ... okay on input line 316.
LaTeX Font Info:    Checking defaults for C41/song/m/n on input line 316.
LaTeX Font Info:    ... okay on input line 316.
LaTeX Font Info:    Checking defaults for C62/song/m/n on input line 316.
LaTeX Font Info:    ... okay on input line 316.

-- Lines per column: 43 (approximate, difference = 4.79846pt).
(C:\CTEX\MiKTeX\tex\context\base\supp-pdf.mkii
[Loading MPS to PDF converter (version 2006.09.02).]
\scratchcounter=\count198
\scratchdimen=\dimen194
\scratchbox=\box47
\nofMPsegments=\count199
\nofMParguments=\count200
\everyMPshowfont=\toks21
\MPscratchCnt=\count201
\MPscratchDim=\dimen195
Normal \count register pool exhausted, switching to extended pool.
\MPnumerator=\count277
\makeMPintoPDFobject=\count278
\everyMPtoPDFconversion=\toks22
) (C:\CTEX\MiKTeX\tex\latex\cjk\standard.bdg
File: standard.bdg 2008/12/29 4.8.2
)
(C:\CTEX\MiKTeX\tex\latex\cjk\extended.enc
File: extended.enc 2008/12/29 4.8.2
)
(C:\CTEX\MiKTeX\tex\latex\cjk\extended.chr
File: extended.chr 2008/12/29 4.8.2
)
LaTeX Font Info:    Try loading font information for C19+rm on input line 379.

(C:\CTEX\MiKTeX\tex\latex\ctex\fd\c19rm.fd
File: c19rm.fd 2007/05/06 v0.8a ctex font definition file
)
Package CJKpunct Info: punctuation spaces for family 'zhhei' do not exist. Use 
family 'def' instead. on input line 384.


LaTeX Font Warning: Font shape `C19/rm/m/sc' undefined
(Font)              using `C19/rm/m/n' instead on input line 405.

Package CJKpunct Info: punctuation spaces for family 'zhsong' do not exist. Use
 family 'def' instead. on input line 409.

Underfull \hbox (badness 1831) in paragraph at lines 417--418
[]\C19/rm/m/n/10/63 3 \C19/rm/m/n/10/37  \C19/rm/m/sc/10/46 ! \C19/rm/m/n/10/6
4 •|\C19/rm/m/n/10/26 ß| \C19/rm/m/n/10/55 ƒ \C19/rm/m/n/10/59 k \C19/rm/m/sc/1
0/44 ¨ \C19/rm/m/sc/10/58 è \C19/rm/m/n/10/49 
 \C19/rm/m/sc/10/44   \C19/rm/m/sc/10/58 © \C19/rm/m/n/10/40  \C19/rm/m/n/10/5
5  \C19/rm/m/sc/10/54 \ \C19/rm/m/n/10/57 ? \C19/rm/m/n/10/49 ÿ \C19/rm/m/sc/1
0/42 â
 []

<"result figure"/distincttriangulation1.png, id=1, 544.0325pt x 491.8375pt>
File: "result figure"/distincttriangulation1.png Graphic file (type png)

<use "result figure"/distincttriangulation1.png>
Package pdftex.def Info: "result figure"/distincttriangulation1.png used on inp
ut line 434.
(pdftex.def)             Requested size: 80.63907pt x 72.90187pt.

<"result figure"/distincttriangulation2.png, id=2, 544.0325pt x 491.8375pt>
File: "result figure"/distincttriangulation2.png Graphic file (type png)

<use "result figure"/distincttriangulation2.png>
Package pdftex.def Info: "result figure"/distincttriangulation2.png used on inp
ut line 441.
(pdftex.def)             Requested size: 80.63907pt x 72.90187pt.
 [1


 <D:/latex/dynamic grid/result figure/distincttriangulation1.png (PNG copy)> <D
:/latex/dynamic grid/result figure/distincttriangulation2.png (PNG copy)>]
LaTeX Font Info:    Font shape `OT1/ptm/bx/n' in size <10> not available
(Font)              Font shape `OT1/ptm/b/n' tried instead on input line 460.
LaTeX Font Info:    Font shape `OT1/ptm/bx/n' in size <7> not available
(Font)              Font shape `OT1/ptm/b/n' tried instead on input line 460.
LaTeX Font Info:    Font shape `OT1/ptm/bx/n' in size <10> not available
(Font)              Font shape `OT1/ptm/b/n' tried instead on input line 466.
LaTeX Font Info:    Font shape `OT1/ptm/bx/n' in size <7> not available
(Font)              Font shape `OT1/ptm/b/n' tried instead on input line 466.
LaTeX Font Info:    Font shape `OT1/ptm/bx/n' in size <10> not available
(Font)              Font shape `OT1/ptm/b/n' tried instead on input line 466.
LaTeX Font Info:    Font shape `OT1/ptm/bx/n' in size <7> not available
(Font)              Font shape `OT1/ptm/b/n' tried instead on input line 466.
LaTeX Font Info:    Font shape `OT1/ptm/bx/n' in size <10> not available
(Font)              Font shape `OT1/ptm/b/n' tried instead on input line 466.
LaTeX Font Info:    Font shape `OT1/ptm/bx/n' in size <7> not available
(Font)              Font shape `OT1/ptm/b/n' tried instead on input line 466.
LaTeX Font Info:    Font shape `OT1/ptm/bx/n' in size <10> not available
(Font)              Font shape `OT1/ptm/b/n' tried instead on input line 466.
LaTeX Font Info:    Font shape `OT1/ptm/bx/n' in size <7> not available
(Font)              Font shape `OT1/ptm/b/n' tried instead on input line 466.

<"result figure"/1-3.png, id=72, 544.0325pt x 491.8375pt>
File: "result figure"/1-3.png Graphic file (type png)

<use "result figure"/1-3.png>
Package pdftex.def Info: "result figure"/1-3.png used on input line 479.
(pdftex.def)             Requested size: 80.63907pt x 72.90187pt.

<"result figure"/1-3after.png, id=73, 544.0325pt x 491.8375pt>
File: "result figure"/1-3after.png Graphic file (type png)

<use "result figure"/1-3after.png>
Package pdftex.def Info: "result figure"/1-3after.png used on input line 486.
(pdftex.def)             Requested size: 80.63907pt x 72.90187pt.

<"result figure"/2-4.png, id=74, 544.0325pt x 491.8375pt>
File: "result figure"/2-4.png Graphic file (type png)

<use "result figure"/2-4.png>
Package pdftex.def Info: "result figure"/2-4.png used on input line 494.
(pdftex.def)             Requested size: 80.63907pt x 72.90187pt.

<"result figure"/2-4after.png, id=75, 544.0325pt x 491.8375pt>
File: "result figure"/2-4after.png Graphic file (type png)

<use "result figure"/2-4after.png>
Package pdftex.def Info: "result figure"/2-4after.png used on input line 501.
(pdftex.def)             Requested size: 80.63907pt x 72.90187pt.
 [2 <D:/latex/dynamic grid/result figure/1-3.png (PNG copy)> <D:/latex/dynamic 
grid/result figure/1-3after.png (PNG copy)> <D:/latex/dynamic grid/result figur
e/2-4.png (PNG copy)> <D:/latex/dynamic grid/result figure/2-4after.png (PNG co
py)>]
LaTeX Font Info:    Font shape `OT1/ptm/bx/n' in size <10> not available
(Font)              Font shape `OT1/ptm/b/n' tried instead on input line 524.
LaTeX Font Info:    Font shape `OT1/ptm/bx/n' in size <7> not available
(Font)              Font shape `OT1/ptm/b/n' tried instead on input line 524.
LaTeX Font Info:    Font shape `OT1/ptm/bx/n' in size <10> not available
(Font)              Font shape `OT1/ptm/b/n' tried instead on input line 526.
LaTeX Font Info:    Font shape `OT1/ptm/bx/n' in size <7> not available
(Font)              Font shape `OT1/ptm/b/n' tried instead on input line 526.
LaTeX Font Info:    Font shape `OT1/ptm/bx/n' in size <10> not available
(Font)              Font shape `OT1/ptm/b/n' tried instead on input line 534.
LaTeX Font Info:    Font shape `OT1/ptm/bx/n' in size <7> not available
(Font)              Font shape `OT1/ptm/b/n' tried instead on input line 534.
LaTeX Font Info:    Font shape `OT1/ptm/bx/n' in size <10> not available
(Font)              Font shape `OT1/ptm/b/n' tried instead on input line 534.
LaTeX Font Info:    Font shape `OT1/ptm/bx/n' in size <7> not available
(Font)              Font shape `OT1/ptm/b/n' tried instead on input line 534.
LaTeX Font Info:    Font shape `OT1/ptm/bx/n' in size <10> not available
(Font)              Font shape `OT1/ptm/b/n' tried instead on input line 534.
LaTeX Font Info:    Font shape `OT1/ptm/bx/n' in size <7> not available
(Font)              Font shape `OT1/ptm/b/n' tried instead on input line 534.
LaTeX Font Info:    Font shape `OT1/ptm/bx/n' in size <10> not available
(Font)              Font shape `OT1/ptm/b/n' tried instead on input line 534.
LaTeX Font Info:    Font shape `OT1/ptm/bx/n' in size <7> not available
(Font)              Font shape `OT1/ptm/b/n' tried instead on input line 534.
LaTeX Font Info:    Font shape `OT1/ptm/bx/n' in size <10> not available
(Font)              Font shape `OT1/ptm/b/n' tried instead on input line 534.
LaTeX Font Info:    Font shape `OT1/ptm/bx/n' in size <7> not available
(Font)              Font shape `OT1/ptm/b/n' tried instead on input line 534.


LaTeX Warning: Reference `collision edge' on page 3 undefined on input line 543
.

LaTeX Font Info:    Font shape `OT1/ptm/bx/n' in size <10> not available
(Font)              Font shape `OT1/ptm/b/n' tried instead on input line 550.
LaTeX Font Info:    Font shape `OT1/ptm/bx/n' in size <7> not available
(Font)              Font shape `OT1/ptm/b/n' tried instead on input line 550.
LaTeX Font Info:    Font shape `OT1/ptm/bx/n' in size <10> not available
(Font)              Font shape `OT1/ptm/b/n' tried instead on input line 552.
LaTeX Font Info:    Font shape `OT1/ptm/bx/n' in size <7> not available
(Font)              Font shape `OT1/ptm/b/n' tried instead on input line 552.
LaTeX Font Info:    Font shape `OT1/ptm/bx/n' in size <10> not available
(Font)              Font shape `OT1/ptm/b/n' tried instead on input line 560.
LaTeX Font Info:    Font shape `OT1/ptm/bx/n' in size <7> not available
(Font)              Font shape `OT1/ptm/b/n' tried instead on input line 560.
LaTeX Font Info:    Font shape `OT1/ptm/bx/n' in size <10> not available
(Font)              Font shape `OT1/ptm/b/n' tried instead on input line 560.
LaTeX Font Info:    Font shape `OT1/ptm/bx/n' in size <7> not available
(Font)              Font shape `OT1/ptm/b/n' tried instead on input line 560.
LaTeX Font Info:    Font shape `OT1/ptm/bx/n' in size <10> not available
(Font)              Font shape `OT1/ptm/b/n' tried instead on input line 560.
LaTeX Font Info:    Font shape `OT1/ptm/bx/n' in size <7> not available
(Font)              Font shape `OT1/ptm/b/n' tried instead on input line 560.
LaTeX Font Info:    Font shape `OT1/ptm/bx/n' in size <10> not available
(Font)              Font shape `OT1/ptm/b/n' tried instead on input line 560.
LaTeX Font Info:    Font shape `OT1/ptm/bx/n' in size <7> not available
(Font)              Font shape `OT1/ptm/b/n' tried instead on input line 560.
LaTeX Font Info:    Font shape `OT1/ptm/bx/n' in size <10> not available
(Font)              Font shape `OT1/ptm/b/n' tried instead on input line 560.
LaTeX Font Info:    Font shape `OT1/ptm/bx/n' in size <7> not available
(Font)              Font shape `OT1/ptm/b/n' tried instead on input line 560.
[3]
Package CJKpunct Info: punctuation spaces for family 'zhkai' do not exist. Use 
family 'def' instead. on input line 569.
 <"result figure"/L1.jpg, id=109, 2517.405pt x 2256.43pt>
File: "result figure"/L1.jpg Graphic file (type jpg)

<use "result figure"/L1.jpg>
Package pdftex.def Info: "result figure"/L1.jpg used on input line 579.
(pdftex.def)             Requested size: 60.48083pt x 54.1933pt.

<"result figure"/L41.jpg, id=110, 2517.405pt x 2256.43pt>
File: "result figure"/L41.jpg Graphic file (type jpg)

<use "result figure"/L41.jpg>
Package pdftex.def Info: "result figure"/L41.jpg used on input line 586.
(pdftex.def)             Requested size: 60.48083pt x 54.1933pt.

<"result figure"/L81.jpg, id=111, 2517.405pt x 2256.43pt>
File: "result figure"/L81.jpg Graphic file (type jpg)

<use "result figure"/L81.jpg>
Package pdftex.def Info: "result figure"/L81.jpg used on input line 593.
(pdftex.def)             Requested size: 60.48083pt x 54.1933pt.

Overfull \hbox (97.33586pt too wide) in paragraph at lines 607--615
 [][] 
 []

<"result figure"/relative1.jpg, id=112, 2517.405pt x 2256.43pt>
File: "result figure"/relative1.jpg Graphic file (type jpg)

<use "result figure"/relative1.jpg>
Package pdftex.def Info: "result figure"/relative1.jpg used on input line 627.
(pdftex.def)             Requested size: 60.48083pt x 54.1933pt.

<"result figure"/relative41.jpg, id=113, 2517.405pt x 2256.43pt>
File: "result figure"/relative41.jpg Graphic file (type jpg)

<use "result figure"/relative41.jpg>
Package pdftex.def Info: "result figure"/relative41.jpg used on input line 634.

(pdftex.def)             Requested size: 60.48083pt x 54.1933pt.

<"result figure"/relative81.jpg, id=114, 2517.405pt x 2256.43pt>
File: "result figure"/relative81.jpg Graphic file (type jpg)

<use "result figure"/relative81.jpg>
Package pdftex.def Info: "result figure"/relative81.jpg used on input line 641.

(pdftex.def)             Requested size: 60.48083pt x 54.1933pt.

Overfull \hbox (97.33586pt too wide) in paragraph at lines 655--663
 [][] 
 []

<"result figure"/s1.jpg, id=115, 2519.4125pt x 2258.4375pt>
File: "result figure"/s1.jpg Graphic file (type jpg)

<use "result figure"/s1.jpg>
Package pdftex.def Info: "result figure"/s1.jpg used on input line 676.
(pdftex.def)             Requested size: 60.48083pt x 54.20705pt.

<"result figure"/s41.jpg, id=116, 2519.4125pt x 2258.4375pt>
File: "result figure"/s41.jpg Graphic file (type jpg)

<use "result figure"/s41.jpg>
Package pdftex.def Info: "result figure"/s41.jpg used on input line 683.
(pdftex.def)             Requested size: 60.48083pt x 54.20705pt.

<"result figure"/s81.jpg, id=117, 2519.4125pt x 2258.4375pt>
File: "result figure"/s81.jpg Graphic file (type jpg)

<use "result figure"/s81.jpg>
Package pdftex.def Info: "result figure"/s81.jpg used on input line 690.
(pdftex.def)             Requested size: 60.48083pt x 54.20705pt.
 [4 <D:/latex/dynamic grid/result figure/L1.jpg> <D:/latex/dynamic grid/result 
figure/L41.jpg> <D:/latex/dynamic grid/result figure/L81.jpg> <D:/latex/dynamic
 grid/result figure/relative1.jpg> <D:/latex/dynamic grid/result figure/relativ
e41.jpg> <D:/latex/dynamic grid/result figure/relative81.jpg>]
Overfull \hbox (101.33586pt too wide) in paragraph at lines 704--712
 [][] 
 []

[5

 <D:/latex/dynamic grid/result figure/s1.jpg> <D:/latex/dynamic grid/result fig
ure/s41.jpg> <D:/latex/dynamic grid/result figure/s81.jpg>]

** Conference Paper **
Before submitting the final camera ready copy, remember to:

 1. Manually equalize the lengths of two columns on the last page
 of your paper;

 2. Ensure that any PostScript and/or PDF output post-processing
 uses only Type 1 fonts and that every step in the generation
 process uses the appropriate paper size.


("D:\latex\dynamic grid\A local-adjustment based two-dimensional Delaunay trian
gular mesh generation method on a bounded domain with moving boundary-ch_ver.au
x")

LaTeX Font Warning: Some font shapes were not available, defaults substituted.


LaTeX Warning: There were undefined references.

 ) 
Here is how much of TeX's memory you used:
 12192 strings out of 495354
 199451 string characters out of 3183859
 270255 words of memory out of 3000000
 15073 multiletter control sequences out of 15000+200000
 78100 words of font info for 205 fonts, out of 3000000 for 9000
 17 hyphenation exceptions out of 8191
 41i,15n,39p,1013b,768s stack positions out of 5000i,500n,10000p,200000b,50000s
<C:/WINDOWS/Fonts/simsun.ttc><C:/WINDOWS/Fonts/simkai.ttf><C:/WINDOWS/Fonts/s
imkai.ttf><C:/WINDOWS/Fonts/simkai.ttf><C:/WINDOWS/Fonts/simkai.ttf><C:/WINDOWS
/Fonts/simkai.ttf><C:/WINDOWS/Fonts/simkai.ttf><C:/WINDOWS/Fonts/simkai.ttf><C:
/WINDOWS/Fonts/simkai.ttf><C:/WINDOWS/Fonts/simkai.ttf><C:/WINDOWS/Fonts/simkai
.ttf><C:/WINDOWS/Fonts/simkai.ttf><C:/WINDOWS/Fonts/simkai.ttf><C:/WINDOWS/Font
s/simkai.ttf><C:/WINDOWS/Fonts/simkai.ttf><C:/WINDOWS/Fonts/simkai.ttf><C:/WIND
OWS/Fonts/simkai.ttf><C:/WINDOWS/Fonts/simkai.ttf><C:/WINDOWS/Fonts/simkai.ttf>
<C:/WINDOWS/Fonts/simkai.ttf><C:/WINDOWS/Fonts/simkai.ttf><C:/WINDOWS/Fonts/sim
kai.ttf><C:/WINDOWS/Fonts/simkai.ttf><C:/WINDOWS/Fonts/simkai.ttf><C:/WINDOWS/F
onts/simkai.ttf><C:/WINDOWS/Fonts/simkai.ttf><C:/WINDOWS/Fonts/simkai.ttf><C:/W
INDOWS/Fonts/simkai.ttf><C:/WINDOWS/Fonts/simkai.ttf><C:/WINDOWS/Fonts/simkai.t
tf>{C:/CTEX/MiKTeX/fonts/enc/dvips/fontname/8r.enc}<C:/WINDOWS/Fonts/simsun.ttc
><C:/WINDOWS/Fonts/simsun.ttc><C:/WINDOWS/Fonts/simsun.ttc><C:/WINDOWS/Fonts/si
msun.ttc><C:/WINDOWS/Fonts/simsun.ttc><C:/WINDOWS/Fonts/simsun.ttc><C:/WINDOWS/
Fonts/simsun.ttc><C:/WINDOWS/Fonts/simsun.ttc><C:/WINDOWS/Fonts/simsun.ttc><C:/
WINDOWS/Fonts/simsun.ttc><C:/WINDOWS/Fonts/simsun.ttc><C:/WINDOWS/Fonts/simsun.
ttc><C:/WINDOWS/Fonts/simsun.ttc><C:/WINDOWS/Fonts/simsun.ttc><C:/WINDOWS/Fonts
/simsun.ttc><C:/WINDOWS/Fonts/simsun.ttc><C:/WINDOWS/Fonts/simsun.ttc><C:/WINDO
WS/Fonts/simhei.ttf><C:/WINDOWS/Fonts/simhei.ttf><C:/WINDOWS/Fonts/simhei.ttf><
C:/WINDOWS/Fonts/simhei.ttf><C:/WINDOWS/Fonts/simhei.ttf><C:/WINDOWS/Fonts/simh
ei.ttf><C:/WINDOWS/Fonts/simhei.ttf><C:/WINDOWS/Fonts/simhei.ttf><C:/WINDOWS/Fo
nts/simhei.ttf><C:/WINDOWS/Fonts/simhei.ttf><C:/WINDOWS/Fonts/simhei.ttf><C:/WI
NDOWS/Fonts/simhei.ttf><C:/WINDOWS/Fonts/simhei.ttf><C:/WINDOWS/Fonts/simhei.tt
f><C:/WINDOWS/Fonts/simhei.ttf><C:/WINDOWS/Fonts/simhei.ttf><C:/WINDOWS/Fonts/s
imhei.ttf><C:/WINDOWS/Fonts/simhei.ttf><C:/WINDOWS/Fonts/simhei.ttf><C:/WINDOWS
/Fonts/simhei.ttf><C:/WINDOWS/Fonts/simhei.ttf><C:/WINDOWS/Fonts/simhei.ttf><C:
/WINDOWS/Fonts/simhei.ttf><C:/WINDOWS/Fonts/simhei.ttf><C:/WINDOWS/Fonts/simhei
.ttf><C:/WINDOWS/Fonts/simhei.ttf><C:/WINDOWS/Fonts/simsun.ttc><C:/WINDOWS/Font
s/simsun.ttc><C:/WINDOWS/Fonts/simsun.ttc><C:/WINDOWS/Fonts/simsun.ttc><C:/WIND
OWS/Fonts/simsun.ttc><C:/WINDOWS/Fonts/simsun.ttc><C:/WINDOWS/Fonts/simsun.ttc>
<C:/WINDOWS/Fonts/simsun.ttc><C:/WINDOWS/Fonts/simsun.ttc><C:/WINDOWS/Fonts/sim
sun.ttc><C:/WINDOWS/Fonts/simsun.ttc><C:/WINDOWS/Fonts/simsun.ttc><C:/WINDOWS/F
onts/simsun.ttc><C:/WINDOWS/Fonts/simsun.ttc><C:/WINDOWS/Fonts/simsun.ttc><C:/C
TEX/MiKTeX/fonts/type1/public/amsfonts/cm/cmmi10.pfb><C:/CTEX/MiKTeX/fonts/type
1/public/amsfonts/cm/cmmi5.pfb><C:/CTEX/MiKTeX/fonts/type1/public/amsfonts/cm/c
mmi7.pfb><C:/CTEX/MiKTeX/fonts/type1/public/amsfonts/cm/cmr10.pfb><C:/CTEX/MiKT
eX/fonts/type1/public/amsfonts/cm/cmr7.pfb><C:/CTEX/MiKTeX/fonts/type1/public/a
msfonts/cm/cmsy10.pfb><C:/CTEX/MiKTeX/fonts/type1/urw/times/utmb8a.pfb><C:/CTEX
/MiKTeX/fonts/type1/urw/times/utmbi8a.pfb><C:/CTEX/MiKTeX/fonts/type1/urw/times
/utmr8a.pfb><C:/CTEX/MiKTeX/fonts/type1/urw/times/utmri8a.pfb>
Output written on "A local-adjustment based two-dimensional Delaunay triangular
 mesh generation method on a bounded domain with moving boundary-ch_ver.pdf" (5
 pages, 27342506 bytes).
PDF statistics:
 426 PDF objects out of 1000 (max. 8388607)
 0 named destinations out of 1000 (max. 500000)
 76 words of extra memory for PDF output out of 10000 (max. 10000000)

