This is pdfTeX, Version 3.1415926-2.3-1.40.12 (MiKTeX 2.9) (preloaded format=pdflatex 2016.6.12)  5 APR 2017 10:47
entering extended mode
**D:/Firzen/latex/IEEEtran/bare_adv.tex
(D:/Firzen/latex/IEEEtran/bare_adv.tex
LaTeX2e <2011/06/27>
Babel <v3.8m> and hyphenation patterns for loaded.
(D:\Firzen\latex\IEEEtran\IEEEtran.cls
Document Class: IEEEtran 2015/08/26 V1.8b by Michael Shell
-- See the "IEEEtran_HOWTO" manual for usage information.
-- http://www.michaelshell.org/tex/ieeetran/
\@IEEEtrantmpdimenA=\dimen102
\@IEEEtrantmpdimenB=\dimen103
\@IEEEtrantmpdimenC=\dimen104
\@IEEEtrantmpcountA=\count79
\@IEEEtrantmpcountB=\count80
\@IEEEtrantmpcountC=\count81
\@IEEEtrantmptoksA=\toks14
LaTeX Font Info:    Try loading font information for OT1+ppl on input line 503.

(C:\CTEX\MiKTeX\tex\latex\psnfss\ot1ppl.fd
File: ot1ppl.fd 2001/06/04 font definitions for OT1/ppl.
)
-- Using IEEE Computer Society mode.
-- Using 8.5in x 11in (letter) paper.
-- Using PDF output.
\@IEEEnormalsizeunitybaselineskip=\dimen105
-- This is a 10 point document.
\CLASSINFOnormalsizebaselineskip=\dimen106
\CLASSINFOnormalsizeunitybaselineskip=\dimen107
\IEEEnormaljot=\dimen108
LaTeX Font Info:    Font shape `OT1/ppl/bx/n' in size <5.01874> not available
(Font)              Font shape `OT1/ppl/b/n' tried instead on input line 1090.
LaTeX Font Info:    Font shape `OT1/ppl/bx/it' in size <5.01874> not available
(Font)              Font shape `OT1/ppl/b/it' tried instead on input line 1090.

LaTeX Font Info:    Font shape `OT1/ppl/bx/n' in size <7.02625> not available
(Font)              Font shape `OT1/ppl/b/n' tried instead on input line 1090.
LaTeX Font Info:    Font shape `OT1/ppl/bx/it' in size <7.02625> not available
(Font)              Font shape `OT1/ppl/b/it' tried instead on input line 1090.

LaTeX Font Info:    Font shape `OT1/ppl/bx/n' in size <8.03> not available
(Font)              Font shape `OT1/ppl/b/n' tried instead on input line 1090.
LaTeX Font Info:    Font shape `OT1/ppl/bx/it' in size <8.03> not available
(Font)              Font shape `OT1/ppl/b/it' tried instead on input line 1090.

LaTeX Font Info:    Font shape `OT1/ppl/bx/n' in size <9.03374> not available
(Font)              Font shape `OT1/ppl/b/n' tried instead on input line 1090.
LaTeX Font Info:    Font shape `OT1/ppl/bx/it' in size <9.03374> not available
(Font)              Font shape `OT1/ppl/b/it' tried instead on input line 1090.

LaTeX Font Info:    Font shape `OT1/ppl/bx/n' in size <9.53561> not available
(Font)              Font shape `OT1/ppl/b/n' tried instead on input line 1090.
LaTeX Font Info:    Font shape `OT1/ppl/bx/it' in size <9.53561> not available
(Font)              Font shape `OT1/ppl/b/it' tried instead on input line 1090.

LaTeX Font Info:    Font shape `OT1/ppl/bx/n' in size <11.04124> not available
(Font)              Font shape `OT1/ppl/b/n' tried instead on input line 1090.
LaTeX Font Info:    Font shape `OT1/ppl/bx/it' in size <11.04124> not available

(Font)              Font shape `OT1/ppl/b/it' tried instead on input line 1090.

LaTeX Font Info:    Font shape `OT1/ppl/bx/n' in size <12.045> not available
(Font)              Font shape `OT1/ppl/b/n' tried instead on input line 1090.
LaTeX Font Info:    Font shape `OT1/ppl/bx/it' in size <12.045> not available
(Font)              Font shape `OT1/ppl/b/it' tried instead on input line 1090.

LaTeX Font Info:    Font shape `OT1/ppl/bx/n' in size <17.06374> not available
(Font)              Font shape `OT1/ppl/b/n' tried instead on input line 1090.
LaTeX Font Info:    Font shape `OT1/ppl/bx/it' in size <17.06374> not available

(Font)              Font shape `OT1/ppl/b/it' tried instead on input line 1090.

LaTeX Font Info:    Font shape `OT1/ppl/bx/n' in size <20.075> not available
(Font)              Font shape `OT1/ppl/b/n' tried instead on input line 1090.
LaTeX Font Info:    Font shape `OT1/ppl/bx/it' in size <20.075> not available
(Font)              Font shape `OT1/ppl/b/it' tried instead on input line 1090.

LaTeX Font Info:    Font shape `OT1/ppl/bx/n' in size <24.09> not available
(Font)              Font shape `OT1/ppl/b/n' tried instead on input line 1090.
LaTeX Font Info:    Font shape `OT1/ppl/bx/it' in size <24.09> not available
(Font)              Font shape `OT1/ppl/b/it' tried instead on input line 1090.

\IEEEquantizedlength=\dimen109
\IEEEquantizedlengthdiff=\dimen110
\IEEEquantizedtextheightdiff=\dimen111
\IEEEilabelindentA=\dimen112
\IEEEilabelindentB=\dimen113
\IEEEilabelindent=\dimen114
\IEEEelabelindent=\dimen115
\IEEEdlabelindent=\dimen116
\IEEElabelindent=\dimen117
\IEEEiednormlabelsep=\dimen118
\IEEEiedmathlabelsep=\dimen119
\IEEEiedtopsep=\skip41
\c@section=\count82
\c@subsection=\count83
\c@subsubsection=\count84
\c@paragraph=\count85
\c@IEEEsubequation=\count86
\abovecaptionskip=\skip42
\belowcaptionskip=\skip43
\c@figure=\count87
\c@table=\count88
\@IEEEeqnnumcols=\count89
\@IEEEeqncolcnt=\count90
\@IEEEsubeqnnumrollback=\count91
\@IEEEquantizeheightA=\dimen120
\@IEEEquantizeheightB=\dimen121
\@IEEEquantizeheightC=\dimen122
\@IEEEquantizeprevdepth=\dimen123
\@IEEEquantizemultiple=\count92
\@IEEEquantizeboxA=\box26
\@IEEEtmpitemindent=\dimen124
\IEEEPARstartletwidth=\dimen125
\c@IEEEbiography=\count93
\@IEEEtranrubishbin=\box27
) (C:\CTEX\MiKTeX\tex\latex\ctex\ctex.sty
Package: ctex 2011/03/11 v1.02c ctex macros package

(C:\CTEX\MiKTeX\tex\latex\ctex\opt\ctex-common-opts.def)
(C:\CTEX\CTeX\tex\latex\ctex\cfg\ctexopts.cfg)
(C:\CTEX\MiKTeX\tex\latex\ctex\def\ctex-common.def
(C:\CTEX\MiKTeX\tex\latex\l3kernel\expl3.sty
(C:\CTEX\MiKTeX\tex\latex\l3kernel\l3names.sty
(C:\CTEX\MiKTeX\tex\latex\l3kernel\l3bootstrap.sty
Package: l3bootstrap 2011/12/29 v3110 L3 Experimental bootstrap code
)
Package: l3names 2011/12/30 v3113 L3 Experimental namespace for primitives
)
(C:\CTEX\MiKTeX\tex\latex\misc\etex.sty
Package: etex 1998/03/26 v2.0 eTeX basic definition package (PEB)
\et@xins=\count94
)
Package: expl3 2012/02/26 v3471 L3 Experimental code bundle wrapper

(C:\CTEX\MiKTeX\tex\latex\graphics\color.sty
Package: color 2005/11/14 v1.0j Standard LaTeX Color (DPC)

(C:\CTEX\MiKTeX\tex\latex\00miktex\color.cfg
File: color.cfg 2007/01/18 v1.5 color configuration of teTeX/TeXLive
)
Package color Info: Driver file: pdftex.def on input line 130.

(C:\CTEX\MiKTeX\tex\latex\pdftex-def\pdftex.def
File: pdftex.def 2011/05/27 v0.06d Graphics/color for pdfTeX

(C:\CTEX\MiKTeX\tex\generic\oberdiek\infwarerr.sty
Package: infwarerr 2010/04/08 v1.3 Providing info/warning/message (HO)
)
(C:\CTEX\MiKTeX\tex\generic\oberdiek\ltxcmds.sty
Package: ltxcmds 2011/04/18 v1.20 LaTeX kernel commands for general use (HO)
)
\Gread@gobject=\count95
))
(C:\CTEX\MiKTeX\tex\latex\graphics\graphics.sty
Package: graphics 2009/02/05 v1.0o Standard LaTeX Graphics (DPC,SPQR)

(C:\CTEX\MiKTeX\tex\latex\graphics\trig.sty
Package: trig 1999/03/16 v1.09 sin cos tan (DPC)
)
(C:\CTEX\MiKTeX\tex\latex\00miktex\graphics.cfg
File: graphics.cfg 2007/01/18 v1.5 graphics configuration of teTeX/TeXLive
)
Package graphics Info: Driver file: pdftex.def on input line 91.
)
(C:\CTEX\MiKTeX\tex\latex\l3kernel\l3basics.sty
Package: l3basics 2012/02/26 v3460 L3 Experimental basic definitions
)
(C:\CTEX\MiKTeX\tex\latex\l3kernel\l3expan.sty
Package: l3expan 2012/02/26 v3460 L3 Experimental argument expansion
)
(C:\CTEX\MiKTeX\tex\latex\l3kernel\l3tl.sty
Package: l3tl 2012/02/26 v3460 L3 Experimental token lists
)
(C:\CTEX\MiKTeX\tex\latex\l3kernel\l3seq.sty
Package: l3seq 2012/01/09 v3158 L3 Experimental sequences and stacks
)
(C:\CTEX\MiKTeX\tex\latex\l3kernel\l3int.sty
Package: l3int 2012/02/26 v3460 L3 Experimental integers
\c_max_int=\count96
\l_tmpa_int=\count97
\l_tmpb_int=\count98
\l_tmpc_int=\count99
\g_tmpa_int=\count100
\g_tmpb_int=\count101
)
(C:\CTEX\MiKTeX\tex\latex\l3kernel\l3quark.sty
Package: l3quark 2012/02/12 v3384 L3 Experimental quarks
)
(C:\CTEX\MiKTeX\tex\latex\l3kernel\l3prg.sty
Package: l3prg 2012/02/26 v3464 L3 Experimental control structures
\g_prg_map_int=\count102
)
(C:\CTEX\MiKTeX\tex\latex\l3kernel\l3clist.sty
Package: l3clist 2012/02/26 v3460 L3 Experimental comma separated lists
)
(C:\CTEX\MiKTeX\tex\latex\l3kernel\l3token.sty
Package: l3token 2012/02/26 v3460 L3 Experimental token manipulation
)
(C:\CTEX\MiKTeX\tex\latex\l3kernel\l3prop.sty
Package: l3prop 2012/02/26 v3460 L3 Experimental property lists
)
(C:\CTEX\MiKTeX\tex\latex\l3kernel\l3msg.sty
Package: l3msg 2012/02/26 v3470 L3 Experimental messages
)
(C:\CTEX\MiKTeX\tex\latex\l3kernel\l3file.sty
Package: l3file 2012/02/26 v3464 L3 Experimental file and I/O operations
\l_iow_stream_int=\count103
\l_iow_line_length_int=\count104
\l_iow_target_length_int=\count105
\l_iow_current_line_int=\count106
\l_iow_current_word_int=\count107
\l_iow_current_indentation_int=\count108
)
(C:\CTEX\MiKTeX\tex\latex\l3kernel\l3skip.sty
Package: l3skip 2012/02/26 v3460 L3 Experimental dimensions and skips
\l_tmpa_dim=\dimen126
\l_tmpb_dim=\dimen127
\l_tmpc_dim=\dimen128
\g_tmpa_dim=\dimen129
\g_tmpb_dim=\dimen130
\l_tmpa_skip=\skip44
\l_tmpb_skip=\skip45
\l_tmpc_skip=\skip46
\g_tmpa_skip=\skip47
\g_tmpb_skip=\skip48
)
(C:\CTEX\MiKTeX\tex\latex\l3kernel\l3keys.sty
Package: l3keys 2011/12/22 v3086 L3 Experimental key-value interfaces
\g_keyval_level_int=\count109
\l_keys_choice_int=\count110
)
(C:\CTEX\MiKTeX\tex\latex\l3kernel\l3fp.sty
Package: l3fp 2012/02/06 v3315 L3 Experimental floating-point operations
\c_one_million=\count111
\c_one_hundred_million=\count112
\c_five_hundred_million=\count113
\c_one_thousand_million=\count114
\c_fp_pi_by_four_decimal_int=\count115
\c_fp_pi_by_four_extended_int=\count116
\c_fp_pi_decimal_int=\count117
\c_fp_pi_extended_int=\count118
\c_fp_two_pi_decimal_int=\count119
\c_fp_two_pi_extended_int=\count120
\l_fp_count_int=\count121
\l_fp_div_offset_int=\count122
\l_fp_exp_integer_int=\count123
\l_fp_exp_decimal_int=\count124
\l_fp_exp_extended_int=\count125
\l_fp_exp_exponent_int=\count126
\l_fp_input_a_sign_int=\count127
\l_fp_input_a_integer_int=\count128
\l_fp_input_a_decimal_int=\count129
\l_fp_input_a_exponent_int=\count130
\l_fp_input_b_sign_int=\count131
\l_fp_input_b_integer_int=\count132
\l_fp_input_b_decimal_int=\count133
\l_fp_input_b_exponent_int=\count134
\l_fp_input_a_extended_int=\count135
\l_fp_input_b_extended_int=\count136
\l_fp_mul_a_i_int=\count137
\l_fp_mul_a_ii_int=\count138
\l_fp_mul_a_iii_int=\count139
\l_fp_mul_a_iv_int=\count140
\l_fp_mul_a_v_int=\count141
\l_fp_mul_a_vi_int=\count142
\l_fp_mul_b_i_int=\count143
\l_fp_mul_b_ii_int=\count144
\l_fp_mul_b_iii_int=\count145
\l_fp_mul_b_iv_int=\count146
\l_fp_mul_b_v_int=\count147
\l_fp_mul_b_vi_int=\count148
\l_fp_mul_output_int=\count149
\l_fp_output_sign_int=\count150
\l_fp_output_integer_int=\count151
\l_fp_output_decimal_int=\count152
\l_fp_output_exponent_int=\count153
\l_fp_output_extended_int=\count154
\l_fp_round_position_int=\count155
\l_fp_round_target_int=\count156
\l_fp_split_sign_int=\count157
\l_fp_internal_int=\count158
\l_fp_trig_octant_int=\count159
\l_fp_trig_sign_int=\count160
\l_fp_trig_decimal_int=\count161
\l_fp_trig_extended_int=\count162
\l_fp_internal_dim=\dimen131
\l_fp_internal_skip=\skip49
)
(C:\CTEX\MiKTeX\tex\latex\l3kernel\l3box.sty
Package: l3box 2012/02/18 v3432 L3 Experimental boxes
\l_tmpb_box=\box28
\l_box_top_dim=\dimen132
\l_box_bottom_dim=\dimen133
\l_box_left_dim=\dimen134
\l_box_right_dim=\dimen135
\l_box_top_new_dim=\dimen136
\l_box_bottom_new_dim=\dimen137
\l_box_left_new_dim=\dimen138
\l_box_right_new_dim=\dimen139
\l_box_internal_box=\box29
)
(C:\CTEX\MiKTeX\tex\latex\l3kernel\l3coffins.sty
Package: l3coffins 2012/02/26 v3460 L3 Experimental coffin code layer
\l_coffin_internal_box=\box30
\l_coffin_internal_dim=\dimen140
\l_coffin_offset_x_dim=\dimen141
\l_coffin_offset_y_dim=\dimen142
\l_coffin_x_dim=\dimen143
\l_coffin_y_dim=\dimen144
\l_coffin_x_prime_dim=\dimen145
\l_coffin_y_prime_dim=\dimen146
\l_coffin_Depth_dim=\dimen147
\l_coffin_Height_dim=\dimen148
\l_coffin_TotalHeight_dim=\dimen149
\l_coffin_Width_dim=\dimen150
\c_empty_coffin=\box31
\l_coffin_aligned_coffin=\box32
\l_coffin_aligned_internal_coffin=\box33
\l_coffin_bounding_shift_dim=\dimen151
\l_coffin_left_corner_dim=\dimen152
\l_coffin_right_corner_dim=\dimen153
\l_coffin_bottom_corner_dim=\dimen154
\l_coffin_top_corner_dim=\dimen155
\l_coffin_scaled_total_height_dim=\dimen156
\l_coffin_scaled_width_dim=\dimen157
\l_coffin_display_coffin=\box34
\l_coffin_display_coord_coffin=\box35
\l_coffin_display_pole_coffin=\box36
\l_coffin_display_offset_dim=\dimen158
\l_coffin_display_x_dim=\dimen159
\l_coffin_display_y_dim=\dimen160
)
(C:\CTEX\MiKTeX\tex\latex\l3kernel\l3color.sty
Package: l3color 2011/09/07 v2776 L3 Experimental colour support
)
(C:\CTEX\MiKTeX\tex\latex\l3kernel\l3luatex.sty
Package: l3luatex 2012/02/09 v3355 L3 Experimental LuaTeX-specific functions
\g_cctab_allocate_int=\count163
\g_cctab_stack_int=\count164
))
(C:\CTEX\MiKTeX\tex\latex\etoolbox\etoolbox.sty
Package: etoolbox 2011/01/03 v2.1 e-TeX tools for LaTeX
\etb@tempcnta=\count165
)
(C:\CTEX\MiKTeX\tex\generic\oberdiek\ifpdf.sty
Package: ifpdf 2011/01/30 v2.3 Provides the ifpdf switch (HO)
Package ifpdf Info: pdfTeX in PDF mode is detected.
)
(C:\CTEX\MiKTeX\tex\generic\ifxetex\ifxetex.sty
Package: ifxetex 2010/09/12 v0.6 Provides ifxetex conditional
)
(C:\CTEX\MiKTeX\tex\latex\graphics\keyval.sty
Package: keyval 1999/03/16 v1.13 key=value parser (DPC)
\KV@toks@=\toks15
)
(C:\CTEX\MiKTeX\tex\latex\tools\indentfirst.sty
Package: indentfirst 1995/11/23 v1.03 Indent first paragraph (DPC)
)
(C:\CTEX\MiKTeX\tex\latex\base\fix-cm.sty
Package: fix-cm 2006/09/13 v1.1m fixes to LaTeX

(C:\CTEX\MiKTeX\tex\latex\base\ts1enc.def
File: ts1enc.def 2001/06/05 v3.0e (jk/car/fm) Standard LaTeX file
))
(C:\CTEX\MiKTeX\tex\latex\ctex\engine\ctex-cjk-engine.def
(C:\CTEX\MiKTeX\tex\latex\cjk\CJK.sty
Package: CJK 2008/12/29 4.8.2

(C:\CTEX\MiKTeX\tex\latex\cjk\mule\MULEenc.sty
Package: MULEenc 2008/12/29 4.8.2
)
(C:\CTEX\MiKTeX\tex\latex\cjk\CJK.enc
File: CJK.enc 2008/12/29 4.8.2
)
LaTeX Info: Redefining \selectfont on input line 756.
\CJK@indent=\box37
)
(C:\CTEX\CTeX\tex\latex\CJKpunct\CJKpunct.sty
Package: CJKpunct 2010/02/21 4.8.2-2
\CJKpunct@cnta=\count166
\CJKpunct@cntb=\count167
\CJKpunct@cntc=\count168
\CJKpunct@cntd=\count169
\CJKpunct@cnte=\count170

(C:\CTEX\CTeX\tex\latex\CJKpunct\CJKpunct.spa))
(C:\CTEX\MiKTeX\tex\latex\ctex\engine\ctex-cjk-common.def
\ccwd=\dimen161
)
(C:\CTEX\MiKTeX\tex\latex\ctex\fontset\ctex-cjk-winfonts.def
(C:\CTEX\MiKTeX\tex\generic\zhmetrics\zhwinfonts.tex
(C:\CTEX\MiKTeX\tex\generic\oberdiek\ifpdf.sty
Package ifpdf Info: The package is already loaded, stopped on input line 64.
){C:/CTEX/UserData/pdftex/config/pdftex.map{Unicode.sfd}{UGBK.sfd}})))
\CTEX@q=\count171
\CTEX@r=\count172
))
(C:\CTEX\MiKTeX\tex\latex\ctex\def\ctex-gbk.def)
(C:\CTEX\MiKTeX\tex\latex\ctex\cfg\ctex.cfg)
(C:\CTEX\MiKTeX\tex\latex\cite\cite.sty
LaTeX Info: Redefining \cite on input line 302.
LaTeX Info: Redefining \nocite on input line 373.
Package: cite 2010/09/10  v 5.3
) (D:\Firzen\latex\IEEEtran\bare_adv.aux)
LaTeX Font Info:    Checking defaults for OML/cmm/m/it on input line 524.
LaTeX Font Info:    ... okay on input line 524.
LaTeX Font Info:    Checking defaults for T1/cmr/m/n on input line 524.
LaTeX Font Info:    ... okay on input line 524.
LaTeX Font Info:    Checking defaults for OT1/cmr/m/n on input line 524.
LaTeX Font Info:    ... okay on input line 524.
LaTeX Font Info:    Checking defaults for OMS/cmsy/m/n on input line 524.
LaTeX Font Info:    ... okay on input line 524.
LaTeX Font Info:    Checking defaults for OMX/cmex/m/n on input line 524.
LaTeX Font Info:    ... okay on input line 524.
LaTeX Font Info:    Checking defaults for U/cmr/m/n on input line 524.
LaTeX Font Info:    ... okay on input line 524.
LaTeX Font Info:    Checking defaults for TS1/cmr/m/n on input line 524.
LaTeX Font Info:    ... okay on input line 524.
LaTeX Font Info:    Checking defaults for C00/song/m/n on input line 524.
LaTeX Font Info:    ... okay on input line 524.
LaTeX Font Info:    Checking defaults for C05/song/m/n on input line 524.
LaTeX Font Info:    ... okay on input line 524.
LaTeX Font Info:    Checking defaults for C09/song/m/n on input line 524.
LaTeX Font Info:    ... okay on input line 524.
LaTeX Font Info:    Checking defaults for C10/song/m/n on input line 524.
LaTeX Font Info:    ... okay on input line 524.
LaTeX Font Info:    Checking defaults for C20/song/m/n on input line 524.
LaTeX Font Info:    ... okay on input line 524.
LaTeX Font Info:    Checking defaults for C19/song/m/n on input line 524.
LaTeX Font Info:    ... okay on input line 524.
LaTeX Font Info:    Checking defaults for C40/song/m/n on input line 524.
LaTeX Font Info:    ... okay on input line 524.
LaTeX Font Info:    Checking defaults for C42/song/m/n on input line 524.
LaTeX Font Info:    ... okay on input line 524.
LaTeX Font Info:    Checking defaults for C43/song/m/n on input line 524.
LaTeX Font Info:    ... okay on input line 524.
LaTeX Font Info:    Checking defaults for C50/song/m/n on input line 524.
LaTeX Font Info:    ... okay on input line 524.
LaTeX Font Info:    Checking defaults for C52/song/m/n on input line 524.
LaTeX Font Info:    ... okay on input line 524.
LaTeX Font Info:    Checking defaults for C49/song/m/n on input line 524.
LaTeX Font Info:    ... okay on input line 524.
LaTeX Font Info:    Checking defaults for C60/mj/m/n on input line 524.
LaTeX Font Info:    ... okay on input line 524.
LaTeX Font Info:    Checking defaults for C61/mj/m/n on input line 524.
LaTeX Font Info:    ... okay on input line 524.
LaTeX Font Info:    Checking defaults for C63/mj/m/n on input line 524.
LaTeX Font Info:    ... okay on input line 524.
LaTeX Font Info:    Checking defaults for C64/mj/m/n on input line 524.
LaTeX Font Info:    ... okay on input line 524.
LaTeX Font Info:    Checking defaults for C65/mj/m/n on input line 524.
LaTeX Font Info:    ... okay on input line 524.
LaTeX Font Info:    Checking defaults for C70/song/m/n on input line 524.
LaTeX Font Info:    ... okay on input line 524.
LaTeX Font Info:    Checking defaults for C31/song/m/n on input line 524.
LaTeX Font Info:    ... okay on input line 524.
LaTeX Font Info:    Checking defaults for C32/song/m/n on input line 524.
LaTeX Font Info:    ... okay on input line 524.
LaTeX Font Info:    Checking defaults for C33/song/m/n on input line 524.
LaTeX Font Info:    ... okay on input line 524.
LaTeX Font Info:    Checking defaults for C34/song/m/n on input line 524.
LaTeX Font Info:    ... okay on input line 524.
LaTeX Font Info:    Checking defaults for C35/song/m/n on input line 524.
LaTeX Font Info:    ... okay on input line 524.
LaTeX Font Info:    Checking defaults for C36/song/m/n on input line 524.
LaTeX Font Info:    ... okay on input line 524.
LaTeX Font Info:    Checking defaults for C37/song/m/n on input line 524.
LaTeX Font Info:    ... okay on input line 524.
LaTeX Font Info:    Checking defaults for C80/song/m/n on input line 524.
LaTeX Font Info:    ... okay on input line 524.
LaTeX Font Info:    Checking defaults for C81/song/m/n on input line 524.
LaTeX Font Info:    ... okay on input line 524.
LaTeX Font Info:    Checking defaults for C01/song/m/n on input line 524.
LaTeX Font Info:    ... okay on input line 524.
LaTeX Font Info:    Checking defaults for C11/song/m/n on input line 524.
LaTeX Font Info:    ... okay on input line 524.
LaTeX Font Info:    Checking defaults for C21/song/m/n on input line 524.
LaTeX Font Info:    ... okay on input line 524.
LaTeX Font Info:    Checking defaults for C41/song/m/n on input line 524.
LaTeX Font Info:    ... okay on input line 524.
LaTeX Font Info:    Checking defaults for C62/song/m/n on input line 524.
LaTeX Font Info:    ... okay on input line 524.

-- Lines per column: 47 (approximate, difference = 2.31546pt).
(C:\CTEX\MiKTeX\tex\context\base\supp-pdf.mkii
[Loading MPS to PDF converter (version 2006.09.02).]
\scratchcounter=\count173
\scratchdimen=\dimen162
\scratchbox=\box38
\nofMPsegments=\count174
\nofMParguments=\count175
\everyMPshowfont=\toks16
\MPscratchCnt=\count176
\MPscratchDim=\dimen163
\MPnumerator=\count177
\makeMPintoPDFobject=\count178
\everyMPtoPDFconversion=\toks17
) (C:\CTEX\MiKTeX\tex\latex\cjk\standard.bdg
File: standard.bdg 2008/12/29 4.8.2
)
(C:\CTEX\MiKTeX\tex\latex\cjk\extended.enc
File: extended.enc 2008/12/29 4.8.2
)
(C:\CTEX\MiKTeX\tex\latex\cjk\extended.chr
File: extended.chr 2008/12/29 4.8.2
)
LaTeX Font Info:    Try loading font information for OT1+phv on input line 642.


(C:\CTEX\MiKTeX\tex\latex\psnfss\ot1phv.fd
File: ot1phv.fd 2001/06/04 scalable font definitions for OT1/phv.
)
LaTeX Font Info:    Font shape `OT1/phv/m/it' in size <11.04124> not available
(Font)              Font shape `OT1/phv/m/sl' tried instead on input line 642.
LaTeX Font Info:    Font shape `OT1/phv/bx/n' in size <8.03> not available
(Font)              Font shape `OT1/phv/b/n' tried instead on input line 642.
LaTeX Font Info:    Try loading font information for C19+sf on input line 642.

(C:\CTEX\MiKTeX\tex\latex\ctex\fd\c19sf.fd
File: c19sf.fd 2007/05/06 v0.8a ctex font definition file
)
Package CJKpunct Info: punctuation spaces for family 'zhyou' do not exist. Use 
family 'def' instead. on input line 642.
LaTeX Font Info:    Calculating math sizes for size <11.04124> on input line 64
2.
LaTeX Font Info:    External font `cmex10' loaded for size
(Font)              <11.04124> on input line 642.
LaTeX Font Info:    External font `cmex10' loaded for size
(Font)              <7.72884> on input line 642.
LaTeX Font Info:    External font `cmex10' loaded for size
(Font)              <5.52061> on input line 642.
LaTeX Font Info:    Try loading font information for U+pzd on input line 642.

(C:\CTEX\MiKTeX\tex\latex\psnfss\upzd.fd
File: upzd.fd 2001/06/04 font definitions for U/pzd.
)
LaTeX Font Info:    Calculating math sizes for size <8.03> on input line 642.
LaTeX Font Info:    External font `cmex10' loaded for size
(Font)              <8.03> on input line 642.
LaTeX Font Info:    External font `cmex10' loaded for size
(Font)              <5.62097> on input line 642.
LaTeX Font Info:    External font `cmex10' loaded for size
(Font)              <4.015> on input line 642.
LaTeX Font Info:    Font shape `OT1/phv/bx/n' in size <11.04124> not available
(Font)              Font shape `OT1/phv/b/n' tried instead on input line 669.
LaTeX Font Info:    Font shape `OT1/phv/bx/sc' in size <11.04124> not available

(Font)              Font shape `OT1/phv/b/sc' tried instead on input line 669.

** WARNING: IEEEPARstart drop letter has zero height! (line 700)
 Forcing the drop letter font size to 10pt.
LaTeX Font Info:    Try loading font information for C19+rm on input line 700.
(C:\CTEX\MiKTeX\tex\latex\ctex\fd\c19rm.fd
File: c19rm.fd 2007/05/06 v0.8a ctex font definition file
)
Package CJKpunct Info: punctuation spaces for family 'zhsong' do not exist. Use
 family 'def' instead. on input line 700.
LaTeX Font Info:    Font shape `OT1/phv/bx/n' in size <9.53561> not available
(Font)              Font shape `OT1/phv/b/n' tried instead on input line 706.
LaTeX Font Info:    Calculating math sizes for size <9.53561> on input line 708
.
LaTeX Font Info:    External font `cmex10' loaded for size
(Font)              <9.53561> on input line 708.
LaTeX Font Info:    External font `cmex10' loaded for size
(Font)              <6.6749> on input line 708.
LaTeX Font Info:    External font `cmex10' loaded for size
(Font)              <4.7678> on input line 708.
LaTeX Font Info:    Calculating math sizes for size <7.02625> on input line 714
.
LaTeX Font Info:    External font `cmex10' loaded for size
(Font)              <7.02625> on input line 714.
LaTeX Font Info:    External font `cmex10' loaded for size
(Font)              <4.91833> on input line 714.
LaTeX Font Info:    External font `cmex10' loaded for size
(Font)              <3.51312> on input line 714.
 [1


]
Underfull \hbox (badness 10000) in paragraph at lines 726--730

 []


LaTeX Font Warning: Font shape `C19/sf/bx/sc' undefined
(Font)              using `C19/sf/bx/n' instead on input line 730.

[2]
Underfull \hbox (badness 10000) in paragraph at lines 747--757

 []


Underfull \hbox (badness 10000) in paragraph at lines 788--792

 []

[3]
Underfull \hbox (badness 10000) in paragraph at lines 812--813

 []

[4]
LaTeX Font Info:    Font shape `OT1/phv/m/it' in size <9.53561> not available
(Font)              Font shape `OT1/phv/m/sl' tried instead on input line 853.
 [5] (D:\Firzen\latex\IEEEtran\bare_adv.aux)

LaTeX Font Warning: Some font shapes were not available, defaults substituted.

 ) 
Here is how much of TeX's memory you used:
 10234 strings out of 495354
 172149 string characters out of 3183859
 229367 words of memory out of 3000000
 13166 multiletter control sequences out of 15000+200000
 92438 words of font info for 243 fonts, out of 3000000 for 9000
 17 hyphenation exceptions out of 8191
 36i,8n,36p,1183b,733s stack positions out of 5000i,500n,10000p,200000b,50000s
<C:/WINDOWS/Fonts/simsun.ttc>{C:/CTEX/MiKTeX/fonts/enc/dvips/fontname/8r.enc}
<C:/WINDOWS/Fonts/simhei.ttf><C:/WINDOWS/Fonts/simhei.ttf><C:/WINDOWS/Fonts/sim
you.ttf><C:/WINDOWS/Fonts/simsun.ttc><C:/WINDOWS/Fonts/simsun.ttc><C:/WINDOWS/F
onts/simsun.ttc><C:/WINDOWS/Fonts/simsun.ttc><C:/WINDOWS/Fonts/simsun.ttc><C:/W
INDOWS/Fonts/simsun.ttc><C:/WINDOWS/Fonts/simsun.ttc><C:/WINDOWS/Fonts/simsun.t
tc><C:/WINDOWS/Fonts/simsun.ttc><C:/WINDOWS/Fonts/simsun.ttc><C:/WINDOWS/Fonts/
simsun.ttc><C:/WINDOWS/Fonts/simsun.ttc><C:/WINDOWS/Fonts/simsun.ttc><C:/WINDOW
S/Fonts/simsun.ttc><C:/WINDOWS/Fonts/simsun.ttc><C:/WINDOWS/Fonts/simsun.ttc><C
:/WINDOWS/Fonts/simsun.ttc><C:/WINDOWS/Fonts/simsun.ttc><C:/WINDOWS/Fonts/simsu
n.ttc><C:/WINDOWS/Fonts/simsun.ttc><C:/WINDOWS/Fonts/simsun.ttc><C:/WINDOWS/Fon
ts/simsun.ttc><C:/WINDOWS/Fonts/simsun.ttc><C:/WINDOWS/Fonts/simsun.ttc><C:/WIN
DOWS/Fonts/simsun.ttc><C:/WINDOWS/Fonts/simsun.ttc><C:/WINDOWS/Fonts/simsun.ttc
><C:/WINDOWS/Fonts/simsun.ttc><C:/WINDOWS/Fonts/simsun.ttc><C:/WINDOWS/Fonts/si
msun.ttc><C:/WINDOWS/Fonts/simsun.ttc><C:/WINDOWS/Fonts/simsun.ttc><C:/WINDOWS/
Fonts/simyou.ttf><C:/WINDOWS/Fonts/simyou.ttf><C:/WINDOWS/Fonts/simyou.ttf><C:/
WINDOWS/Fonts/simyou.ttf><C:/WINDOWS/Fonts/simyou.ttf><C:/WINDOWS/Fonts/simyou.
ttf><C:/WINDOWS/Fonts/simyou.ttf><C:/WINDOWS/Fonts/simyou.ttf><C:/WINDOWS/Fonts
/simyou.ttf><C:/WINDOWS/Fonts/simyou.ttf><C:/WINDOWS/Fonts/simyou.ttf><C:/WINDO
WS/Fonts/simyou.ttf><C:/WINDOWS/Fonts/simyou.ttf><C:/WINDOWS/Fonts/simyou.ttf><
C:/WINDOWS/Fonts/simyou.ttf><C:/WINDOWS/Fonts/simyou.ttf><C:/WINDOWS/Fonts/simy
ou.ttf><C:/WINDOWS/Fonts/simyou.ttf><C:/WINDOWS/Fonts/simyou.ttf><C:/WINDOWS/Fo
nts/simyou.ttf><C:/WINDOWS/Fonts/simyou.ttf><C:/WINDOWS/Fonts/simyou.ttf><C:/WI
NDOWS/Fonts/simyou.ttf><C:/WINDOWS/Fonts/simyou.ttf><C:/WINDOWS/Fonts/simyou.tt
f><C:/WINDOWS/Fonts/simyou.ttf><C:/WINDOWS/Fonts/simyou.ttf><C:/WINDOWS/Fonts/s
imyou.ttf><C:/WINDOWS/Fonts/simyou.ttf><C:/WINDOWS/Fonts/simyou.ttf><C:/WINDOWS
/Fonts/simyou.ttf><C:/CTEX/MiKTeX/fonts/type1/public/amsfonts/cm/cmbx9.pfb><C:/
CTEX/MiKTeX/fonts/type1/public/amsfonts/cm/cmex10.pfb><C:/CTEX/MiKTeX/fonts/typ
e1/public/amsfonts/cm/cmmi5.pfb><C:/CTEX/MiKTeX/fonts/type1/public/amsfonts/cm/
cmmi6.pfb><C:/CTEX/MiKTeX/fonts/type1/public/amsfonts/cm/cmmi9.pfb><C:/CTEX/MiK
TeX/fonts/type1/public/amsfonts/cm/cmr5.pfb><C:/CTEX/MiKTeX/fonts/type1/public/
amsfonts/cm/cmr6.pfb><C:/CTEX/MiKTeX/fonts/type1/public/amsfonts/cm/cmr9.pfb><C
:/CTEX/MiKTeX/fonts/type1/public/amsfonts/cm/cmsy6.pfb><C:/CTEX/MiKTeX/fonts/ty
pe1/public/amsfonts/cm/cmsy8.pfb><C:/CTEX/MiKTeX/fonts/type1/public/amsfonts/cm
/cmsy9.pfb><C:/CTEX/MiKTeX/fonts/type1/urw/helvetic/uhvb8a.pfb><C:/CTEX/MiKTeX/
fonts/type1/urw/helvetic/uhvr8a.pfb><C:/CTEX/MiKTeX/fonts/type1/urw/helvetic/uh
vro8a.pfb><C:/CTEX/MiKTeX/fonts/type1/urw/palatino/uplb8a.pfb><C:/CTEX/MiKTeX/f
onts/type1/urw/palatino/uplr8a.pfb><C:/CTEX/MiKTeX/fonts/type1/urw/palatino/upl
ri8a.pfb><C:/CTEX/MiKTeX/fonts/type1/urw/zapfding/uzdr.pfb>
Output written on bare_adv.pdf (5 pages, 605708 bytes).
PDF statistics:
 359 PDF objects out of 1000 (max. 8388607)
 0 named destinations out of 1000 (max. 500000)
 1 words of extra memory for PDF output out of 10000 (max. 10000000)

