This is pdfTeX, Version 3.1415926-2.3-1.40.12 (MiKTeX 2.9) (preloaded format=pdflatex 2016.6.12)  12 JUL 2017 20:34
entering extended mode
**D:/Firzen/latex/dynamic*grid/paper*c-e*v0.66.tex
("D:/Firzen/latex/dynamic grid/paper c-e v0.66.tex"
LaTeX2e <2011/06/27>
Babel <v3.8m> and hyphenation patterns for loaded.
("D:\Firzen\latex\dynamic grid\IEEEtran.cls"
Document Class: IEEEtran 2015/08/26 V1.8b by Michael Shell
-- See the "IEEEtran_HOWTO" manual for usage information.
-- http://www.michaelshell.org/tex/ieeetran/
\@IEEEtrantmpdimenA=\dimen102
\@IEEEtrantmpdimenB=\dimen103
\@IEEEtrantmpdimenC=\dimen104
\@IEEEtrantmpcountA=\count79
\@IEEEtrantmpcountB=\count80
\@IEEEtrantmpcountC=\count81
\@IEEEtrantmptoksA=\toks14
LaTeX Font Info:    Try loading font information for OT1+ppl on input line 503.

(C:\CTEX\MiKTeX\tex\latex\psnfss\ot1ppl.fd
File: ot1ppl.fd 2001/06/04 font definitions for OT1/ppl.
)
-- Using IEEE Computer Society mode.
-- Using 8.5in x 11in (letter) paper.
-- Using PDF output.
\@IEEEnormalsizeunitybaselineskip=\dimen105
-- This is a 10 point document.
\CLASSINFOnormalsizebaselineskip=\dimen106
\CLASSINFOnormalsizeunitybaselineskip=\dimen107
\IEEEnormaljot=\dimen108
LaTeX Font Info:    Font shape `OT1/ppl/bx/n' in size <5.01874> not available
(Font)              Font shape `OT1/ppl/b/n' tried instead on input line 1090.
LaTeX Font Info:    Font shape `OT1/ppl/bx/it' in size <5.01874> not available
(Font)              Font shape `OT1/ppl/b/it' tried instead on input line 1090.

LaTeX Font Info:    Font shape `OT1/ppl/bx/n' in size <7.02625> not available
(Font)              Font shape `OT1/ppl/b/n' tried instead on input line 1090.
LaTeX Font Info:    Font shape `OT1/ppl/bx/it' in size <7.02625> not available
(Font)              Font shape `OT1/ppl/b/it' tried instead on input line 1090.

LaTeX Font Info:    Font shape `OT1/ppl/bx/n' in size <8.03> not available
(Font)              Font shape `OT1/ppl/b/n' tried instead on input line 1090.
LaTeX Font Info:    Font shape `OT1/ppl/bx/it' in size <8.03> not available
(Font)              Font shape `OT1/ppl/b/it' tried instead on input line 1090.

LaTeX Font Info:    Font shape `OT1/ppl/bx/n' in size <9.03374> not available
(Font)              Font shape `OT1/ppl/b/n' tried instead on input line 1090.
LaTeX Font Info:    Font shape `OT1/ppl/bx/it' in size <9.03374> not available
(Font)              Font shape `OT1/ppl/b/it' tried instead on input line 1090.

LaTeX Font Info:    Font shape `OT1/ppl/bx/n' in size <9.53561> not available
(Font)              Font shape `OT1/ppl/b/n' tried instead on input line 1090.
LaTeX Font Info:    Font shape `OT1/ppl/bx/it' in size <9.53561> not available
(Font)              Font shape `OT1/ppl/b/it' tried instead on input line 1090.

LaTeX Font Info:    Font shape `OT1/ppl/bx/n' in size <11.04124> not available
(Font)              Font shape `OT1/ppl/b/n' tried instead on input line 1090.
LaTeX Font Info:    Font shape `OT1/ppl/bx/it' in size <11.04124> not available

(Font)              Font shape `OT1/ppl/b/it' tried instead on input line 1090.

LaTeX Font Info:    Font shape `OT1/ppl/bx/n' in size <12.045> not available
(Font)              Font shape `OT1/ppl/b/n' tried instead on input line 1090.
LaTeX Font Info:    Font shape `OT1/ppl/bx/it' in size <12.045> not available
(Font)              Font shape `OT1/ppl/b/it' tried instead on input line 1090.

LaTeX Font Info:    Font shape `OT1/ppl/bx/n' in size <17.06374> not available
(Font)              Font shape `OT1/ppl/b/n' tried instead on input line 1090.
LaTeX Font Info:    Font shape `OT1/ppl/bx/it' in size <17.06374> not available

(Font)              Font shape `OT1/ppl/b/it' tried instead on input line 1090.

LaTeX Font Info:    Font shape `OT1/ppl/bx/n' in size <20.075> not available
(Font)              Font shape `OT1/ppl/b/n' tried instead on input line 1090.
LaTeX Font Info:    Font shape `OT1/ppl/bx/it' in size <20.075> not available
(Font)              Font shape `OT1/ppl/b/it' tried instead on input line 1090.

LaTeX Font Info:    Font shape `OT1/ppl/bx/n' in size <24.09> not available
(Font)              Font shape `OT1/ppl/b/n' tried instead on input line 1090.
LaTeX Font Info:    Font shape `OT1/ppl/bx/it' in size <24.09> not available
(Font)              Font shape `OT1/ppl/b/it' tried instead on input line 1090.

\IEEEquantizedlength=\dimen109
\IEEEquantizedlengthdiff=\dimen110
\IEEEquantizedtextheightdiff=\dimen111
\IEEEilabelindentA=\dimen112
\IEEEilabelindentB=\dimen113
\IEEEilabelindent=\dimen114
\IEEEelabelindent=\dimen115
\IEEEdlabelindent=\dimen116
\IEEElabelindent=\dimen117
\IEEEiednormlabelsep=\dimen118
\IEEEiedmathlabelsep=\dimen119
\IEEEiedtopsep=\skip41
\c@section=\count82
\c@subsection=\count83
\c@subsubsection=\count84
\c@paragraph=\count85
\c@IEEEsubequation=\count86
\abovecaptionskip=\skip42
\belowcaptionskip=\skip43
\c@figure=\count87
\c@table=\count88
\@IEEEeqnnumcols=\count89
\@IEEEeqncolcnt=\count90
\@IEEEsubeqnnumrollback=\count91
\@IEEEquantizeheightA=\dimen120
\@IEEEquantizeheightB=\dimen121
\@IEEEquantizeheightC=\dimen122
\@IEEEquantizeprevdepth=\dimen123
\@IEEEquantizemultiple=\count92
\@IEEEquantizeboxA=\box26
\@IEEEtmpitemindent=\dimen124
\IEEEPARstartletwidth=\dimen125
\c@IEEEbiography=\count93
\@IEEEtranrubishbin=\box27
) (C:\CTEX\MiKTeX\tex\latex\subfigure\subfigure.sty
Package: subfigure 2002/07/30 v2.1.4 subfigure package
\subfigtopskip=\skip44
\subfigcapskip=\skip45
\subfigcaptopadj=\dimen126
\subfigbottomskip=\skip46
\subfigcapmargin=\dimen127
\subfiglabelskip=\skip47
\c@subfigure=\count94
\c@lofdepth=\count95
\c@subtable=\count96
\c@lotdepth=\count97

****************************************
* Local config file subfigure.cfg used *
****************************************
(C:\CTEX\MiKTeX\tex\latex\subfigure\subfigure.cfg)
\subfig@top=\skip48
\subfig@bottom=\skip49
)
(C:\CTEX\MiKTeX\tex\latex\caption\caption.sty
Package: caption 2011/11/10 v3.2e Customizing captions (AR)

(C:\CTEX\MiKTeX\tex\latex\caption\caption3.sty
Package: caption3 2011/11/01 v1.4a caption3 kernel (AR)

(C:\CTEX\MiKTeX\tex\latex\graphics\keyval.sty
Package: keyval 1999/03/16 v1.13 key=value parser (DPC)
\KV@toks@=\toks15
)
\captionmargin=\dimen128
\captionmargin@=\dimen129
\captionwidth=\dimen130
\caption@indent=\dimen131
\caption@parindent=\dimen132
\caption@hangindent=\dimen133
Package caption Info: Unknown document class (or package),
(caption)             standard defaults will be used.
)

Package caption Warning: Unsupported document class (or package) detected,
(caption)                usage of the caption package is not recommended.
See the caption package documentation for explanation.

Package caption Info: \@makecaption = \long macro:#1#2->\ifx \@captype \@IEEEta
blestring \footnotesize \bgroup \par \centering \@IEEEtabletopskipstrut {\norma
lfont \sffamily \footnotesize #1}\\{\normalfont \sffamily \footnotesize #2}\par
 \addvspace {0.5\baselineskip }\egroup \@IEEEtablecaptionsepspace \else \@IEEEf
igurecaptionsepspace \setbox \@tempboxa \hbox {\normalfont \sffamily \footnotes
ize {#1.}\nobreakspace #2}\ifdim \wd \@tempboxa >\hsize \setbox \@tempboxa \hbo
x {\normalfont \sffamily \footnotesize {#1.}\nobreakspace }\parbox [t]{\hsize }
{\normalfont \sffamily \footnotesize \noindent \unhbox \@tempboxa #2}\else \hbo
x to\hsize {\normalfont \sffamily \footnotesize \box \@tempboxa \hfil }\fi \fi 
.
\c@ContinuedFloat=\count98
Package caption Info: subfigure package is loaded.
) (C:\CTEX\MiKTeX\tex\latex\graphics\graphicx.sty
Package: graphicx 1999/02/16 v1.0f Enhanced LaTeX Graphics (DPC,SPQR)

(C:\CTEX\MiKTeX\tex\latex\graphics\graphics.sty
Package: graphics 2009/02/05 v1.0o Standard LaTeX Graphics (DPC,SPQR)

(C:\CTEX\MiKTeX\tex\latex\graphics\trig.sty
Package: trig 1999/03/16 v1.09 sin cos tan (DPC)
)
(C:\CTEX\MiKTeX\tex\latex\00miktex\graphics.cfg
File: graphics.cfg 2007/01/18 v1.5 graphics configuration of teTeX/TeXLive
)
Package graphics Info: Driver file: pdftex.def on input line 91.

(C:\CTEX\MiKTeX\tex\latex\pdftex-def\pdftex.def
File: pdftex.def 2011/05/27 v0.06d Graphics/color for pdfTeX

(C:\CTEX\MiKTeX\tex\generic\oberdiek\infwarerr.sty
Package: infwarerr 2010/04/08 v1.3 Providing info/warning/message (HO)
)
(C:\CTEX\MiKTeX\tex\generic\oberdiek\ltxcmds.sty
Package: ltxcmds 2011/04/18 v1.20 LaTeX kernel commands for general use (HO)
)
\Gread@gobject=\count99
))
\Gin@req@height=\dimen134
\Gin@req@width=\dimen135
)
(C:\CTEX\MiKTeX\tex\latex\booktabs\booktabs.sty
Package: booktabs 2005/04/14 v1.61803 publication quality tables
\heavyrulewidth=\dimen136
\lightrulewidth=\dimen137
\cmidrulewidth=\dimen138
\belowrulesep=\dimen139
\belowbottomsep=\dimen140
\aboverulesep=\dimen141
\abovetopsep=\dimen142
\cmidrulesep=\dimen143
\cmidrulekern=\dimen144
\defaultaddspace=\dimen145
\@cmidla=\count100
\@cmidlb=\count101
\@aboverulesep=\dimen146
\@belowrulesep=\dimen147
\@thisruleclass=\count102
\@lastruleclass=\count103
\@thisrulewidth=\dimen148
)
(C:\CTEX\MiKTeX\tex\latex\ctex\ctex.sty
Package: ctex 2011/03/11 v1.02c ctex macros package

(C:\CTEX\MiKTeX\tex\latex\ctex\opt\ctex-common-opts.def)
(C:\CTEX\CTeX\tex\latex\ctex\cfg\ctexopts.cfg)
(C:\CTEX\MiKTeX\tex\latex\ctex\def\ctex-common.def
(C:\CTEX\MiKTeX\tex\latex\l3kernel\expl3.sty
(C:\CTEX\MiKTeX\tex\latex\l3kernel\l3names.sty
(C:\CTEX\MiKTeX\tex\latex\l3kernel\l3bootstrap.sty
Package: l3bootstrap 2011/12/29 v3110 L3 Experimental bootstrap code
)
Package: l3names 2011/12/30 v3113 L3 Experimental namespace for primitives
)
(C:\CTEX\MiKTeX\tex\latex\misc\etex.sty
Package: etex 1998/03/26 v2.0 eTeX basic definition package (PEB)
\et@xins=\count104
)
Package: expl3 2012/02/26 v3471 L3 Experimental code bundle wrapper

(C:\CTEX\MiKTeX\tex\latex\graphics\color.sty
Package: color 2005/11/14 v1.0j Standard LaTeX Color (DPC)

(C:\CTEX\MiKTeX\tex\latex\00miktex\color.cfg
File: color.cfg 2007/01/18 v1.5 color configuration of teTeX/TeXLive
)
Package color Info: Driver file: pdftex.def on input line 130.
)
(C:\CTEX\MiKTeX\tex\latex\l3kernel\l3basics.sty
Package: l3basics 2012/02/26 v3460 L3 Experimental basic definitions
)
(C:\CTEX\MiKTeX\tex\latex\l3kernel\l3expan.sty
Package: l3expan 2012/02/26 v3460 L3 Experimental argument expansion
)
(C:\CTEX\MiKTeX\tex\latex\l3kernel\l3tl.sty
Package: l3tl 2012/02/26 v3460 L3 Experimental token lists
)
(C:\CTEX\MiKTeX\tex\latex\l3kernel\l3seq.sty
Package: l3seq 2012/01/09 v3158 L3 Experimental sequences and stacks
)
(C:\CTEX\MiKTeX\tex\latex\l3kernel\l3int.sty
Package: l3int 2012/02/26 v3460 L3 Experimental integers
\c_max_int=\count105
\l_tmpa_int=\count106
\l_tmpb_int=\count107
\l_tmpc_int=\count108
\g_tmpa_int=\count109
\g_tmpb_int=\count110
)
(C:\CTEX\MiKTeX\tex\latex\l3kernel\l3quark.sty
Package: l3quark 2012/02/12 v3384 L3 Experimental quarks
)
(C:\CTEX\MiKTeX\tex\latex\l3kernel\l3prg.sty
Package: l3prg 2012/02/26 v3464 L3 Experimental control structures
\g_prg_map_int=\count111
)
(C:\CTEX\MiKTeX\tex\latex\l3kernel\l3clist.sty
Package: l3clist 2012/02/26 v3460 L3 Experimental comma separated lists
)
(C:\CTEX\MiKTeX\tex\latex\l3kernel\l3token.sty
Package: l3token 2012/02/26 v3460 L3 Experimental token manipulation
)
(C:\CTEX\MiKTeX\tex\latex\l3kernel\l3prop.sty
Package: l3prop 2012/02/26 v3460 L3 Experimental property lists
)
(C:\CTEX\MiKTeX\tex\latex\l3kernel\l3msg.sty
Package: l3msg 2012/02/26 v3470 L3 Experimental messages
)
(C:\CTEX\MiKTeX\tex\latex\l3kernel\l3file.sty
Package: l3file 2012/02/26 v3464 L3 Experimental file and I/O operations
\l_iow_stream_int=\count112
\l_iow_line_length_int=\count113
\l_iow_target_length_int=\count114
\l_iow_current_line_int=\count115
\l_iow_current_word_int=\count116
\l_iow_current_indentation_int=\count117
)
(C:\CTEX\MiKTeX\tex\latex\l3kernel\l3skip.sty
Package: l3skip 2012/02/26 v3460 L3 Experimental dimensions and skips
\l_tmpa_dim=\dimen149
\l_tmpb_dim=\dimen150
\l_tmpc_dim=\dimen151
\g_tmpa_dim=\dimen152
\g_tmpb_dim=\dimen153
\l_tmpa_skip=\skip50
\l_tmpb_skip=\skip51
\l_tmpc_skip=\skip52
\g_tmpa_skip=\skip53
\g_tmpb_skip=\skip54
)
(C:\CTEX\MiKTeX\tex\latex\l3kernel\l3keys.sty
Package: l3keys 2011/12/22 v3086 L3 Experimental key-value interfaces
\g_keyval_level_int=\count118
\l_keys_choice_int=\count119
)
(C:\CTEX\MiKTeX\tex\latex\l3kernel\l3fp.sty
Package: l3fp 2012/02/06 v3315 L3 Experimental floating-point operations
\c_one_million=\count120
\c_one_hundred_million=\count121
\c_five_hundred_million=\count122
\c_one_thousand_million=\count123
\c_fp_pi_by_four_decimal_int=\count124
\c_fp_pi_by_four_extended_int=\count125
\c_fp_pi_decimal_int=\count126
\c_fp_pi_extended_int=\count127
\c_fp_two_pi_decimal_int=\count128
\c_fp_two_pi_extended_int=\count129
\l_fp_count_int=\count130
\l_fp_div_offset_int=\count131
\l_fp_exp_integer_int=\count132
\l_fp_exp_decimal_int=\count133
\l_fp_exp_extended_int=\count134
\l_fp_exp_exponent_int=\count135
\l_fp_input_a_sign_int=\count136
\l_fp_input_a_integer_int=\count137
\l_fp_input_a_decimal_int=\count138
\l_fp_input_a_exponent_int=\count139
\l_fp_input_b_sign_int=\count140
\l_fp_input_b_integer_int=\count141
\l_fp_input_b_decimal_int=\count142
\l_fp_input_b_exponent_int=\count143
\l_fp_input_a_extended_int=\count144
\l_fp_input_b_extended_int=\count145
\l_fp_mul_a_i_int=\count146
\l_fp_mul_a_ii_int=\count147
\l_fp_mul_a_iii_int=\count148
\l_fp_mul_a_iv_int=\count149
\l_fp_mul_a_v_int=\count150
\l_fp_mul_a_vi_int=\count151
\l_fp_mul_b_i_int=\count152
\l_fp_mul_b_ii_int=\count153
\l_fp_mul_b_iii_int=\count154
\l_fp_mul_b_iv_int=\count155
\l_fp_mul_b_v_int=\count156
\l_fp_mul_b_vi_int=\count157
\l_fp_mul_output_int=\count158
\l_fp_output_sign_int=\count159
\l_fp_output_integer_int=\count160
\l_fp_output_decimal_int=\count161
\l_fp_output_exponent_int=\count162
\l_fp_output_extended_int=\count163
\l_fp_round_position_int=\count164
\l_fp_round_target_int=\count165
\l_fp_split_sign_int=\count166
\l_fp_internal_int=\count167
\l_fp_trig_octant_int=\count168
\l_fp_trig_sign_int=\count169
\l_fp_trig_decimal_int=\count170
\l_fp_trig_extended_int=\count171
\l_fp_internal_dim=\dimen154
\l_fp_internal_skip=\skip55
)
(C:\CTEX\MiKTeX\tex\latex\l3kernel\l3box.sty
Package: l3box 2012/02/18 v3432 L3 Experimental boxes
\l_tmpb_box=\box28
\l_box_top_dim=\dimen155
\l_box_bottom_dim=\dimen156
\l_box_left_dim=\dimen157
\l_box_right_dim=\dimen158
\l_box_top_new_dim=\dimen159
\l_box_bottom_new_dim=\dimen160
\l_box_left_new_dim=\dimen161
\l_box_right_new_dim=\dimen162
\l_box_internal_box=\box29
)
(C:\CTEX\MiKTeX\tex\latex\l3kernel\l3coffins.sty
Package: l3coffins 2012/02/26 v3460 L3 Experimental coffin code layer
\l_coffin_internal_box=\box30
\l_coffin_internal_dim=\dimen163
\l_coffin_offset_x_dim=\dimen164
\l_coffin_offset_y_dim=\dimen165
\l_coffin_x_dim=\dimen166
\l_coffin_y_dim=\dimen167
\l_coffin_x_prime_dim=\dimen168
\l_coffin_y_prime_dim=\dimen169
\l_coffin_Depth_dim=\dimen170
\l_coffin_Height_dim=\dimen171
\l_coffin_TotalHeight_dim=\dimen172
\l_coffin_Width_dim=\dimen173
\c_empty_coffin=\box31
\l_coffin_aligned_coffin=\box32
\l_coffin_aligned_internal_coffin=\box33
\l_coffin_bounding_shift_dim=\dimen174
\l_coffin_left_corner_dim=\dimen175
\l_coffin_right_corner_dim=\dimen176
\l_coffin_bottom_corner_dim=\dimen177
\l_coffin_top_corner_dim=\dimen178
\l_coffin_scaled_total_height_dim=\dimen179
\l_coffin_scaled_width_dim=\dimen180
\l_coffin_display_coffin=\box34
\l_coffin_display_coord_coffin=\box35
\l_coffin_display_pole_coffin=\box36
\l_coffin_display_offset_dim=\dimen181
\l_coffin_display_x_dim=\dimen182
\l_coffin_display_y_dim=\dimen183
)
(C:\CTEX\MiKTeX\tex\latex\l3kernel\l3color.sty
Package: l3color 2011/09/07 v2776 L3 Experimental colour support
)
(C:\CTEX\MiKTeX\tex\latex\l3kernel\l3luatex.sty
Package: l3luatex 2012/02/09 v3355 L3 Experimental LuaTeX-specific functions
\g_cctab_allocate_int=\count172
\g_cctab_stack_int=\count173
))
(C:\CTEX\MiKTeX\tex\latex\etoolbox\etoolbox.sty
Package: etoolbox 2011/01/03 v2.1 e-TeX tools for LaTeX
\etb@tempcnta=\count174
)
(C:\CTEX\MiKTeX\tex\generic\oberdiek\ifpdf.sty
Package: ifpdf 2011/01/30 v2.3 Provides the ifpdf switch (HO)
Package ifpdf Info: pdfTeX in PDF mode is detected.
)
(C:\CTEX\MiKTeX\tex\generic\ifxetex\ifxetex.sty
Package: ifxetex 2010/09/12 v0.6 Provides ifxetex conditional
)
(C:\CTEX\MiKTeX\tex\latex\tools\indentfirst.sty
Package: indentfirst 1995/11/23 v1.03 Indent first paragraph (DPC)
)
(C:\CTEX\MiKTeX\tex\latex\base\fix-cm.sty
Package: fix-cm 2006/09/13 v1.1m fixes to LaTeX

(C:\CTEX\MiKTeX\tex\latex\base\ts1enc.def
File: ts1enc.def 2001/06/05 v3.0e (jk/car/fm) Standard LaTeX file
))
(C:\CTEX\MiKTeX\tex\latex\ctex\engine\ctex-cjk-engine.def
(C:\CTEX\MiKTeX\tex\latex\cjk\CJK.sty
Package: CJK 2008/12/29 4.8.2

(C:\CTEX\MiKTeX\tex\latex\cjk\mule\MULEenc.sty
Package: MULEenc 2008/12/29 4.8.2
)
(C:\CTEX\MiKTeX\tex\latex\cjk\CJK.enc
File: CJK.enc 2008/12/29 4.8.2
)
LaTeX Info: Redefining \selectfont on input line 756.
\CJK@indent=\box37
)
(C:\CTEX\CTeX\tex\latex\CJKpunct\CJKpunct.sty
Package: CJKpunct 2010/02/21 4.8.2-2
\CJKpunct@cnta=\count175
\CJKpunct@cntb=\count176
\CJKpunct@cntc=\count177
\CJKpunct@cntd=\count178
\CJKpunct@cnte=\count179

(C:\CTEX\CTeX\tex\latex\CJKpunct\CJKpunct.spa))
(C:\CTEX\MiKTeX\tex\latex\ctex\engine\ctex-cjk-common.def
\ccwd=\dimen184
)
(C:\CTEX\MiKTeX\tex\latex\ctex\fontset\ctex-cjk-winfonts.def
(C:\CTEX\MiKTeX\tex\generic\zhmetrics\zhwinfonts.tex
(C:\CTEX\MiKTeX\tex\generic\oberdiek\ifpdf.sty
Package ifpdf Info: The package is already loaded, stopped on input line 64.
){C:/CTEX/UserData/pdftex/config/pdftex.map{Unicode.sfd}{UGBK.sfd}})))
\CTEX@q=\count180
\CTEX@r=\count181
))
(C:\CTEX\MiKTeX\tex\latex\ctex\def\ctex-gbk.def)
(C:\CTEX\MiKTeX\tex\latex\ctex\cfg\ctex.cfg)
(C:\CTEX\MiKTeX\tex\latex\algorithm2e\algorithm2e.sty
Package: algorithm2e 2008/00/00 v3.10 algorithms environments
\c@AlgoLine=\count182

(C:\CTEX\MiKTeX\tex\latex\base\ifthen.sty
Package: ifthen 2001/05/26 v1.1c Standard LaTeX ifthen package (DPC)
)
(C:\CTEX\MiKTeX\tex\latex\tools\xspace.sty
Package: xspace 2009/10/20 v1.13 Space after command names (DPC,MH)
)
(C:\CTEX\MiKTeX\tex\latex\ltxmisc\relsize.sty
Package: relsize 2003/07/04 ver 3.1
)
********************************************************
Package `algorithm2e' Release 4.01 -- december 14 2009 --
- algorithm2e-announce@lirmm.fr mailing list for announcement about releases
- algorithm2e-discussion@lirmm.fr mailing list for discussion about package
subscribe by emailing sympa@lirmm.fr with 'subscribe <list> <firstname name>'
- Author: Christophe Fiorio (fiorio@lirmm.fr)
********************************************************
\skiptotal=\skip56
\skiplinenumber=\skip57
\skiprule=\skip58
\skiphlne=\skip59
\skiptext=\skip60
\skiplength=\skip61
\algomargin=\skip62
\skipalgocfslide=\skip63
\algowidth=\dimen185
\inoutsize=\dimen186
\inoutline=\dimen187
\interspacetitleruled=\dimen188
\interspacealgoruled=\dimen189
\interspacetitleboxruled=\dimen190
\algocf@inoutbox=\box38
\algocf@inputbox=\box39
\AlCapSkip=\skip64
\AlCapHSkip=\skip65
\algocf@nlbox=\box40
\algocf@hangingbox=\box41
\algocf@capbox=\box42
\algoheightruledefault=\skip66
\algoheightrule=\skip67
\algotitleheightruledefault=\skip68
\algotitleheightrule=\skip69
\c@algocfline=\count183
\c@algocfproc=\count184
\c@algocf=\count185
\algocf@algoframe=\box43
\algocf@algobox=\box44
) (C:\CTEX\MiKTeX\tex\latex\cite\cite.sty
LaTeX Info: Redefining \cite on input line 302.
LaTeX Info: Redefining \nocite on input line 373.
Package: cite 2010/09/10  v 5.3
)
("D:\Firzen\latex\dynamic grid\paper c-e v0.66.aux")
LaTeX Font Info:    Checking defaults for OML/cmm/m/it on input line 530.
LaTeX Font Info:    ... okay on input line 530.
LaTeX Font Info:    Checking defaults for T1/cmr/m/n on input line 530.
LaTeX Font Info:    ... okay on input line 530.
LaTeX Font Info:    Checking defaults for OT1/cmr/m/n on input line 530.
LaTeX Font Info:    ... okay on input line 530.
LaTeX Font Info:    Checking defaults for OMS/cmsy/m/n on input line 530.
LaTeX Font Info:    ... okay on input line 530.
LaTeX Font Info:    Checking defaults for OMX/cmex/m/n on input line 530.
LaTeX Font Info:    ... okay on input line 530.
LaTeX Font Info:    Checking defaults for U/cmr/m/n on input line 530.
LaTeX Font Info:    ... okay on input line 530.
LaTeX Font Info:    Checking defaults for TS1/cmr/m/n on input line 530.
LaTeX Font Info:    ... okay on input line 530.
LaTeX Font Info:    Checking defaults for C00/song/m/n on input line 530.
LaTeX Font Info:    ... okay on input line 530.
LaTeX Font Info:    Checking defaults for C05/song/m/n on input line 530.
LaTeX Font Info:    ... okay on input line 530.
LaTeX Font Info:    Checking defaults for C09/song/m/n on input line 530.
LaTeX Font Info:    ... okay on input line 530.
LaTeX Font Info:    Checking defaults for C10/song/m/n on input line 530.
LaTeX Font Info:    ... okay on input line 530.
LaTeX Font Info:    Checking defaults for C20/song/m/n on input line 530.
LaTeX Font Info:    ... okay on input line 530.
LaTeX Font Info:    Checking defaults for C19/song/m/n on input line 530.
LaTeX Font Info:    ... okay on input line 530.
LaTeX Font Info:    Checking defaults for C40/song/m/n on input line 530.
LaTeX Font Info:    ... okay on input line 530.
LaTeX Font Info:    Checking defaults for C42/song/m/n on input line 530.
LaTeX Font Info:    ... okay on input line 530.
LaTeX Font Info:    Checking defaults for C43/song/m/n on input line 530.
LaTeX Font Info:    ... okay on input line 530.
LaTeX Font Info:    Checking defaults for C50/song/m/n on input line 530.
LaTeX Font Info:    ... okay on input line 530.
LaTeX Font Info:    Checking defaults for C52/song/m/n on input line 530.
LaTeX Font Info:    ... okay on input line 530.
LaTeX Font Info:    Checking defaults for C49/song/m/n on input line 530.
LaTeX Font Info:    ... okay on input line 530.
LaTeX Font Info:    Checking defaults for C60/mj/m/n on input line 530.
LaTeX Font Info:    ... okay on input line 530.
LaTeX Font Info:    Checking defaults for C61/mj/m/n on input line 530.
LaTeX Font Info:    ... okay on input line 530.
LaTeX Font Info:    Checking defaults for C63/mj/m/n on input line 530.
LaTeX Font Info:    ... okay on input line 530.
LaTeX Font Info:    Checking defaults for C64/mj/m/n on input line 530.
LaTeX Font Info:    ... okay on input line 530.
LaTeX Font Info:    Checking defaults for C65/mj/m/n on input line 530.
LaTeX Font Info:    ... okay on input line 530.
LaTeX Font Info:    Checking defaults for C70/song/m/n on input line 530.
LaTeX Font Info:    ... okay on input line 530.
LaTeX Font Info:    Checking defaults for C31/song/m/n on input line 530.
LaTeX Font Info:    ... okay on input line 530.
LaTeX Font Info:    Checking defaults for C32/song/m/n on input line 530.
LaTeX Font Info:    ... okay on input line 530.
LaTeX Font Info:    Checking defaults for C33/song/m/n on input line 530.
LaTeX Font Info:    ... okay on input line 530.
LaTeX Font Info:    Checking defaults for C34/song/m/n on input line 530.
LaTeX Font Info:    ... okay on input line 530.
LaTeX Font Info:    Checking defaults for C35/song/m/n on input line 530.
LaTeX Font Info:    ... okay on input line 530.
LaTeX Font Info:    Checking defaults for C36/song/m/n on input line 530.
LaTeX Font Info:    ... okay on input line 530.
LaTeX Font Info:    Checking defaults for C37/song/m/n on input line 530.
LaTeX Font Info:    ... okay on input line 530.
LaTeX Font Info:    Checking defaults for C80/song/m/n on input line 530.
LaTeX Font Info:    ... okay on input line 530.
LaTeX Font Info:    Checking defaults for C81/song/m/n on input line 530.
LaTeX Font Info:    ... okay on input line 530.
LaTeX Font Info:    Checking defaults for C01/song/m/n on input line 530.
LaTeX Font Info:    ... okay on input line 530.
LaTeX Font Info:    Checking defaults for C11/song/m/n on input line 530.
LaTeX Font Info:    ... okay on input line 530.
LaTeX Font Info:    Checking defaults for C21/song/m/n on input line 530.
LaTeX Font Info:    ... okay on input line 530.
LaTeX Font Info:    Checking defaults for C41/song/m/n on input line 530.
LaTeX Font Info:    ... okay on input line 530.
LaTeX Font Info:    Checking defaults for C62/song/m/n on input line 530.
LaTeX Font Info:    ... okay on input line 530.

-- Lines per column: 47 (approximate, difference = 2.31546pt).
Package caption Info: Begin \AtBeginDocument code.
Package caption Info: End \AtBeginDocument code.
(C:\CTEX\MiKTeX\tex\context\base\supp-pdf.mkii
[Loading MPS to PDF converter (version 2006.09.02).]
\scratchcounter=\count186
\scratchdimen=\dimen191
\scratchbox=\box45
\nofMPsegments=\count187
\nofMParguments=\count188
\everyMPshowfont=\toks16
\MPscratchCnt=\count189
\MPscratchDim=\dimen192
\MPnumerator=\count190
\makeMPintoPDFobject=\count191
\everyMPtoPDFconversion=\toks17
) (C:\CTEX\MiKTeX\tex\latex\cjk\standard.bdg
File: standard.bdg 2008/12/29 4.8.2
)
(C:\CTEX\MiKTeX\tex\latex\cjk\extended.enc
File: extended.enc 2008/12/29 4.8.2
)
(C:\CTEX\MiKTeX\tex\latex\cjk\extended.chr
File: extended.chr 2008/12/29 4.8.2
)
LaTeX Font Info:    Try loading font information for OT1+phv on input line 647.


(C:\CTEX\MiKTeX\tex\latex\psnfss\ot1phv.fd
File: ot1phv.fd 2001/06/04 scalable font definitions for OT1/phv.
)
LaTeX Font Info:    Font shape `OT1/phv/m/it' in size <11.04124> not available
(Font)              Font shape `OT1/phv/m/sl' tried instead on input line 647.
LaTeX Font Info:    Font shape `OT1/phv/bx/n' in size <8.03> not available
(Font)              Font shape `OT1/phv/b/n' tried instead on input line 647.
LaTeX Font Info:    Calculating math sizes for size <11.04124> on input line 64
7.
LaTeX Font Info:    External font `cmex10' loaded for size
(Font)              <11.04124> on input line 647.
LaTeX Font Info:    External font `cmex10' loaded for size
(Font)              <7.72884> on input line 647.
LaTeX Font Info:    External font `cmex10' loaded for size
(Font)              <5.52061> on input line 647.
LaTeX Font Info:    Try loading font information for U+pzd on input line 647.

(C:\CTEX\MiKTeX\tex\latex\psnfss\upzd.fd
File: upzd.fd 2001/06/04 font definitions for U/pzd.
)
LaTeX Font Info:    Calculating math sizes for size <8.03> on input line 647.
LaTeX Font Info:    External font `cmex10' loaded for size
(Font)              <8.03> on input line 647.
LaTeX Font Info:    External font `cmex10' loaded for size
(Font)              <5.62097> on input line 647.
LaTeX Font Info:    External font `cmex10' loaded for size
(Font)              <4.015> on input line 647.
LaTeX Font Info:    Font shape `OT1/phv/bx/n' in size <11.04124> not available
(Font)              Font shape `OT1/phv/b/n' tried instead on input line 674.
LaTeX Font Info:    Font shape `OT1/phv/bx/sc' in size <11.04124> not available

(Font)              Font shape `OT1/phv/b/sc' tried instead on input line 674.
LaTeX Font Info:    Font shape `OT1/phv/bx/n' in size <9.53561> not available
(Font)              Font shape `OT1/phv/b/n' tried instead on input line 710.
LaTeX Font Info:    Calculating math sizes for size <9.53561> on input line 712
.
LaTeX Font Info:    External font `cmex10' loaded for size
(Font)              <9.53561> on input line 712.
LaTeX Font Info:    External font `cmex10' loaded for size
(Font)              <6.6749> on input line 712.
LaTeX Font Info:    External font `cmex10' loaded for size
(Font)              <4.7678> on input line 712.

Underfull \hbox (badness 1546) in paragraph at lines 711--718
[]\OT1/ppl/m/n/9.53561 Visualization, as the name im-plies, is to con-vert
 []


Underfull \hbox (badness 4954) in paragraph at lines 711--718
[]\OT1/ppl/m/n/9.53561 Modern clas-si-fi-ca-tion of vi-su-al-iza-tion is main-l
y
 []


Underfull \hbox (badness 3058) in paragraph at lines 711--718
\OT1/ppl/m/n/9.53561 ac-cord-ing to it-s pro-cess-ing ob-jec-t.It is di-vid-ed 
in-to
 []


Underfull \hbox (badness 10000) in paragraph at lines 711--718
\OT1/ppl/m/n/9.53561 three main cat-e-gories:Visualization in Sci-en-tif-ic
 []


Underfull \hbox (badness 1810) in paragraph at lines 711--718
\OT1/ppl/m/n/9.53561 Com-put-ing:Visualize the da-ta ob-tained from sci-en-tif-
ic
 []


Underfull \hbox (badness 6641) in paragraph at lines 711--718
\OT1/ppl/m/n/9.53561 com-put-ing.Information Vi-su-al-iza-tion:Trans the known
 []


Underfull \hbox (badness 1436) in paragraph at lines 711--718
[]\OT1/ppl/m/n/9.53561 The word 'Vi-su-al-iza-tion' was first re-gard-ed as a
 []


Underfull \hbox (badness 5036) in paragraph at lines 711--718
[]\OT1/ppl/m/n/9.53561 However,due to the lim-it of hard-ware,scientific
 []


Underfull \hbox (badness 10000) in paragraph at lines 711--718

 []

LaTeX Font Info:    Calculating math sizes for size <7.02625> on input line 718
.
LaTeX Font Info:    External font `cmex10' loaded for size
(Font)              <7.02625> on input line 718.
LaTeX Font Info:    External font `cmex10' loaded for size
(Font)              <4.91833> on input line 718.
LaTeX Font Info:    External font `cmex10' loaded for size
(Font)              <3.51312> on input line 718.
[1


]
Underfull \hbox (badness 2435) in paragraph at lines 718--718
 \OT1/phv/b/n/9.53561 1.2 Present Sit-u-a-tion of Vi-su-al-iza-tion in Sci-en-t
if-ic
 []


Underfull \hbox (badness 1565) in paragraph at lines 719--723
\OT1/ppl/m/n/9.53561 gen-er-at-ed from sci-en-tif-ic com-put-ing, in-to graph-i
c-s or
 []


Underfull \hbox (badness 1533) in paragraph at lines 719--723
\OT1/ppl/m/n/9.53561 im-ages to be dis-played on the screen,with com-put-er
 []


Underfull \hbox (badness 2042) in paragraph at lines 719--723
\OT1/ppl/m/n/9.53561 da-ta ob-tained by mea-sure-ments and the in-for-ma-tion
 []


Underfull \hbox (badness 7667) in paragraph at lines 719--723
\OT1/ppl/m/n/9.53561 ob-tained through sci-en-tif-ic com-put-ing,into in-tu-iti
ve,
 []


Underfull \hbox (badness 1436) in paragraph at lines 719--723
\OT1/ppl/m/n/9.53561 with time and s-pace and p-re-sent-ing in fron-t of the
 []


Underfull \hbox (badness 1852) in paragraph at lines 719--723
\OT1/ppl/m/n/9.53561 field.As for the three di-men-sion-al flow field, peo-ple
 []


Underfull \hbox (badness 10000) in paragraph at lines 719--723

 []

LaTeX Font Info:    Try loading font information for OMS+ppl on input line 727.

(C:\CTEX\MiKTeX\tex\latex\psnfss\omsppl.fd
File: omsppl.fd 
)
LaTeX Font Info:    Font shape `OMS/ppl/m/n' in size <9.53561> not available
(Font)              Font shape `OMS/cmsy/m/n' tried instead on input line 727.
 [2]
LaTeX Font Info:    Font shape `OT1/ppl/bx/n' in size <6.62196> not available
(Font)              Font shape `OT1/ppl/b/n' tried instead on input line 745.
 [3]
Underfull \hbox (badness 6252) in paragraph at lines 803--807
\OT1/ppl/m/n/9.53561 gen-er-a-tor de-ter-mi-na-tion for-mu-la,and the tes-sel-l
a-tion
 []


Underfull \hbox (badness 2856) in paragraph at lines 803--807
\OT1/ppl/m/n/9.53561 the pro-to-type of the al-go-rith-m in-tro-duced last t-wo

 []


Underfull \hbox (badness 4416) in paragraph at lines 803--807
\OT1/ppl/m/n/9.53561 guar-an-tee the glob-al op-ti-mal.However,thanks to the
 []


Underfull \hbox (badness 1924) in paragraph at lines 803--807
\OT1/ppl/m/n/9.53561 to the so-lu-tion when deal-ing with large amoun-t of
 []


Underfull \hbox (badness 10000) in paragraph at lines 803--807

 []


Underfull \hbox (badness 3895) in paragraph at lines 834--861
[]\OT1/ppl/m/n/9.53561 Commonly,the CVT gen-er-a-tors at the last time
 []

[4] [5]
Underfull \hbox (badness 8151) in paragraph at lines 989--991
[]\OT1/ppl/m/n/9.53561 We first con-cern about steady field-s.In these
 []


Underfull \hbox (badness 10000) in paragraph at lines 989--991
\OT1/ppl/m/n/9.53561 about,Specifically,such as vor-tices,extreme points,and
 []


Underfull \hbox (badness 2662) in paragraph at lines 989--991
\OT1/ppl/m/n/9.53561 where the gra-di-en-t is quite big.To catch these key
 []


Underfull \hbox (badness 10000) in paragraph at lines 989--991

 []


LaTeX Warning: File `cc2.png' not found on input line 995.


! Package pdftex.def Error: File `cc2.png' not found.

See the pdftex.def package documentation for explanation.
Type  H <return>  for immediate help.
 ...                                              
                                                  
l.995 ...udegraphics[width=0.3\textwidth]{cc2.png}
                                                  
? 
! Emergency stop.
 ...                                              
                                                  
l.995 ...udegraphics[width=0.3\textwidth]{cc2.png}
                                                  
Using draft setting for this image.
Try typing  <return>  to proceed.
If that doesn't work, type  X <return>  to quit.

 
Here is how much of TeX's memory you used:
 11292 strings out of 495354
 180301 string characters out of 3183859
 249345 words of memory out of 3000000
 14264 multiletter control sequences out of 15000+200000
 57782 words of font info for 131 fonts, out of 3000000 for 9000
 17 hyphenation exceptions out of 8191
 36i,16n,38p,1466b,723s stack positions out of 5000i,500n,10000p,200000b,50000s
!  ==> Fatal error occurred, no output PDF file produced!
