This is pdfTeX, Version 3.1415926-2.3-1.40.12 (MiKTeX 2.9) (preloaded format=pdflatex 2017.6.1)  12 OCT 2017 19:15
entering extended mode
**cjcmsample.tex
(D:\CVT可视化\szjs\ms20170921\cjcmsample.tex
LaTeX2e <2011/06/27>
Babel <v3.8m> and hyphenation patterns for loaded.
(D:\CVT可视化\szjs\ms20170921\cjcmltx.cls
Document Class: cjcmltx 2007/06/19, Mathematica Numerica Sinica
(C:\CTEX\CTeX\tex\latex\cct\cctart.cls
Document Class: cctart 2004/10/14 Derived from the `article' class
(C:\CTEX\MiKTeX\tex\latex\base\article.cls
Document Class: article 2007/10/19 v1.4h Standard LaTeX document class
(C:\CTEX\MiKTeX\tex\latex\base\size10.clo
File: size10.clo 2007/10/19 v1.4h Standard LaTeX file (size option)
)
\c@part=\count79
\c@section=\count80
\c@subsection=\count81
\c@subsubsection=\count82
\c@paragraph=\count83
\c@subparagraph=\count84
\c@figure=\count85
\c@table=\count86
\abovecaptionskip=\skip41
\belowcaptionskip=\skip42
\bibindent=\dimen102
)
(C:\CTEX\CTeX\tex\latex\cct\cctbase.sty
Package: cctbase 2006/05/17
 (C:\CTEX\CTeX\tex\latex\cct\CCT.sty
0.61803 [2009/11/20] (C:\CTEX\CTeX\tex\latex\cct\cchead.sty
\!ZihaoNo=\count87
\ccwd=\dimen103
\ccht=\dimen104
\ccdp=\dimen105
\!ccbox=\box26
\!ccbdskip=\skip43
)
Package: CCT 2009/11/20 0.61803
\@CCTcnta=\count88
\@CCTcntb=\count89
\@CCTlastkern=\count90
\@CCTglue=\skip44
\@CCTtoks=\toks14

(C:\CTEX\CTeX\tex\latex\cct\CCT.cfg) (C:\CTEX\CTeX\tex\latex\cct\GBKkern.cfg)
(C:\CTEX\CTeX\tex\latex\CJK\GB\c19song.fd) (\ziti{A}->gbksong)
\@CCTskip=\skip45
)))
(C:\CTEX\MiKTeX\tex\latex\graphics\graphicx.sty
Package: graphicx 1999/02/16 v1.0f Enhanced LaTeX Graphics (DPC,SPQR)

(C:\CTEX\MiKTeX\tex\latex\graphics\keyval.sty
Package: keyval 1999/03/16 v1.13 key=value parser (DPC)
\KV@toks@=\toks15
)
(C:\CTEX\MiKTeX\tex\latex\graphics\graphics.sty
Package: graphics 2009/02/05 v1.0o Standard LaTeX Graphics (DPC,SPQR)

(C:\CTEX\MiKTeX\tex\latex\graphics\trig.sty
Package: trig 1999/03/16 v1.09 sin cos tan (DPC)
)
(C:\CTEX\MiKTeX\tex\latex\00miktex\graphics.cfg
File: graphics.cfg 2007/01/18 v1.5 graphics configuration of teTeX/TeXLive
)
Package graphics Info: Driver file: pdftex.def on input line 91.

(C:\CTEX\MiKTeX\tex\latex\pdftex-def\pdftex.def
File: pdftex.def 2011/05/27 v0.06d Graphics/color for pdfTeX

(C:\CTEX\MiKTeX\tex\generic\oberdiek\infwarerr.sty
Package: infwarerr 2010/04/08 v1.3 Providing info/warning/message (HO)
)
(C:\CTEX\MiKTeX\tex\generic\oberdiek\ltxcmds.sty
Package: ltxcmds 2011/04/18 v1.20 LaTeX kernel commands for general use (HO)
)
\Gread@gobject=\count91
))
\Gin@req@height=\dimen106
\Gin@req@width=\dimen107
)
(C:\CTEX\MiKTeX\tex\latex\ams\math\amsmath.sty
Package: amsmath 2000/07/18 v2.13 AMS math features
\@mathmargin=\skip46

For additional information on amsmath, use the `?' option.
(C:\CTEX\MiKTeX\tex\latex\ams\math\amstext.sty
Package: amstext 2000/06/29 v2.01

(C:\CTEX\MiKTeX\tex\latex\ams\math\amsgen.sty
File: amsgen.sty 1999/11/30 v2.0
\@emptytoks=\toks16
\ex@=\dimen108
))
(C:\CTEX\MiKTeX\tex\latex\ams\math\amsbsy.sty
Package: amsbsy 1999/11/29 v1.2d
\pmbraise@=\dimen109
)
(C:\CTEX\MiKTeX\tex\latex\ams\math\amsopn.sty
Package: amsopn 1999/12/14 v2.01 operator names
)
\inf@bad=\count92
LaTeX Info: Redefining \frac on input line 211.
\uproot@=\count93
\leftroot@=\count94
LaTeX Info: Redefining \overline on input line 307.
\classnum@=\count95
\DOTSCASE@=\count96
LaTeX Info: Redefining \ldots on input line 379.
LaTeX Info: Redefining \dots on input line 382.
LaTeX Info: Redefining \cdots on input line 467.
\Mathstrutbox@=\box27
\strutbox@=\box28
\big@size=\dimen110
LaTeX Font Info:    Redeclaring font encoding OML on input line 567.
LaTeX Font Info:    Redeclaring font encoding OMS on input line 568.
\macc@depth=\count97
\c@MaxMatrixCols=\count98
\dotsspace@=\muskip10
\c@parentequation=\count99
\dspbrk@lvl=\count100
\tag@help=\toks17
\row@=\count101
\column@=\count102
\maxfields@=\count103
\andhelp@=\toks18
\eqnshift@=\dimen111
\alignsep@=\dimen112
\tagshift@=\dimen113
\tagwidth@=\dimen114
\totwidth@=\dimen115
\lineht@=\dimen116
\@envbody=\toks19
\multlinegap=\skip47
\multlinetaggap=\skip48
\mathdisplay@stack=\toks20
LaTeX Info: Redefining \[ on input line 2666.
LaTeX Info: Redefining \] on input line 2667.
)
(C:\CTEX\MiKTeX\tex\latex\amsfonts\amsfonts.sty
Package: amsfonts 2009/06/22 v3.00 Basic AMSFonts support
\symAMSa=\mathgroup4
\symAMSb=\mathgroup5
LaTeX Font Info:    Overwriting math alphabet `\mathfrak' in version `bold'
(Font)                  U/euf/m/n --> U/euf/b/n on input line 96.
)
(C:\CTEX\MiKTeX\tex\latex\amsfonts\amssymb.sty
Package: amssymb 2009/06/22 v3.00
)
(C:\CTEX\MiKTeX\tex\latex\base\latexsym.sty
Package: latexsym 1998/08/17 v2.2e Standard LaTeX package (lasy symbols)
\symlasy=\mathgroup6
LaTeX Font Info:    Overwriting symbol font `lasy' in version `bold'
(Font)                  U/lasy/m/n --> U/lasy/b/n on input line 47.
)
(C:\CTEX\MiKTeX\tex\latex\graphics\epsfig.sty
Package: epsfig 1999/02/16 v1.7a (e)psfig emulation (SPQR)
\epsfxsize=\dimen117
\epsfysize=\dimen118
)
(C:\CTEX\MiKTeX\tex\latex\epsf\epsf.sty
This is `epsf.tex' v2.7.4 <14 February 2011>
\epsffilein=\read1
\epsfframemargin=\dimen119
\epsfframethickness=\dimen120
\epsfrsize=\dimen121
\epsftmp=\dimen122
\epsftsize=\dimen123
\epsfxsize=\dimen124
\epsfysize=\dimen125
\pspoints=\dimen126
) (C:\CTEX\MiKTeX\tex\latex\cite\cite.sty
LaTeX Info: Redefining \cite on input line 302.
LaTeX Info: Redefining \nocite on input line 373.
Package: cite 2010/09/10  v 5.3
)
\c@theorem=\count104
\c@lemma=\count105
\c@proposition=\count106
\c@corollary=\count107
\c@remark=\count108
\c@definition=\count109
\c@condition=\count110
\c@example=\count111
\c@conclusion=\count112
\c@algorithmm=\count113
\c@assumption=\count114
\c@affno=\count115
\@afflist=\toks21
)
(C:\CTEX\MiKTeX\tex\latex\algorithm2e\algorithm2e.sty
Package: algorithm2e 2008/00/00 v3.10 algorithms environments
\c@AlgoLine=\count116

(C:\CTEX\MiKTeX\tex\latex\base\ifthen.sty
Package: ifthen 2001/05/26 v1.1c Standard LaTeX ifthen package (DPC)
)
(C:\CTEX\MiKTeX\tex\latex\tools\xspace.sty
Package: xspace 2009/10/20 v1.13 Space after command names (DPC,MH)
)
(C:\CTEX\MiKTeX\tex\latex\ltxmisc\relsize.sty
Package: relsize 2003/07/04 ver 3.1
)
********************************************************
Package `algorithm2e' Release 4.01 -- december 14 2009 --
- algorithm2e-announce@lirmm.fr mailing list for announcement about releases
- algorithm2e-discussion@lirmm.fr mailing list for discussion about package
subscribe by emailing sympa@lirmm.fr with 'subscribe <list> <firstname name>'
- Author: Christophe Fiorio (fiorio@lirmm.fr)
********************************************************
\skiptotal=\skip49
\skiplinenumber=\skip50
\skiprule=\skip51
\skiphlne=\skip52
\skiptext=\skip53
\skiplength=\skip54
\algomargin=\skip55
\skipalgocfslide=\skip56
\algowidth=\dimen127
\inoutsize=\dimen128
\inoutline=\dimen129
\interspacetitleruled=\dimen130
\interspacealgoruled=\dimen131
\interspacetitleboxruled=\dimen132
\algocf@inoutbox=\box29
\algocf@inputbox=\box30
\AlCapSkip=\skip57
\AlCapHSkip=\skip58
\algocf@nlbox=\box31
\algocf@hangingbox=\box32
\algocf@capbox=\box33
\algoheightruledefault=\skip59
\algoheightrule=\skip60
\algotitleheightruledefault=\skip61
\algotitleheightrule=\skip62
\c@algocfline=\count117
\c@algocfproc=\count118
\c@algocf=\count119
\algocf@algoframe=\box34
\algocf@algobox=\box35
) (C:\CTEX\MiKTeX\tex\latex\subfigure\subfigure.sty
Package: subfigure 2002/07/30 v2.1.4 subfigure package
\subfigtopskip=\skip63
\subfigcapskip=\skip64
\subfigcaptopadj=\dimen133
\subfigbottomskip=\skip65
\subfigcapmargin=\dimen134
\subfiglabelskip=\skip66
\c@subfigure=\count120
\c@lofdepth=\count121
\c@subtable=\count122
\c@lotdepth=\count123

****************************************
* Local config file subfigure.cfg used *
****************************************
(C:\CTEX\MiKTeX\tex\latex\subfigure\subfigure.cfg)
\subfig@top=\skip67
\subfig@bottom=\skip68
)
(C:\CTEX\MiKTeX\tex\latex\placeins\placeins.sty
Package: placeins 2005/04/18  v 2.2
)
(C:\CTEX\MiKTeX\tex\latex\float\float.sty
Package: float 2001/11/08 v1.3d Float enhancements (AL)
\c@float@type=\count124
\float@exts=\toks22
\float@box=\box36
\@float@everytoks=\toks23
\@floatcapt=\box37
)
(D:\CVT可视化\szjs\ms20170921\cjcmsample.aux)
LaTeX Font Info:    Checking defaults for OML/cmm/m/it on input line 23.
LaTeX Font Info:    ... okay on input line 23.
LaTeX Font Info:    Checking defaults for T1/cmr/m/n on input line 23.
LaTeX Font Info:    ... okay on input line 23.
LaTeX Font Info:    Checking defaults for OT1/cmr/m/n on input line 23.
LaTeX Font Info:    ... okay on input line 23.
LaTeX Font Info:    Checking defaults for OMS/cmsy/m/n on input line 23.
LaTeX Font Info:    ... okay on input line 23.
LaTeX Font Info:    Checking defaults for OMX/cmex/m/n on input line 23.
LaTeX Font Info:    ... okay on input line 23.
LaTeX Font Info:    Checking defaults for U/cmr/m/n on input line 23.
LaTeX Font Info:    ... okay on input line 23.

(C:\CTEX\MiKTeX\tex\context\base\supp-pdf.mkii
[Loading MPS to PDF converter (version 2006.09.02).]
\scratchcounter=\count125
\scratchdimen=\dimen135
\scratchbox=\box38
\nofMPsegments=\count126
\nofMParguments=\count127
\everyMPshowfont=\toks24
\MPscratchCnt=\count128
\MPscratchDim=\dimen136
\MPnumerator=\count129
\makeMPintoPDFobject=\count130
\everyMPtoPDFconversion=\toks25
) (C:\CTEX\CTeX\tex\latex\CJK\GB\c19hei.fd) (\ziti{B}->gbkhei)
Warning: font `bs' not found, trying alternative font `hei'
(\ziti{E}->gbkhei)
LaTeX Font Info:    Try loading font information for U+msa on input line 44.
 (C:\CTEX\MiKTeX\tex\latex\amsfonts\umsa.fd
File: umsa.fd 2009/06/22 v3.00 AMS symbols A
)
LaTeX Font Info:    Try loading font information for U+msb on input line 44.

(C:\CTEX\MiKTeX\tex\latex\amsfonts\umsb.fd
File: umsb.fd 2009/06/22 v3.00 AMS symbols B
)
LaTeX Font Info:    Try loading font information for U+lasy on input line 44.

(C:\CTEX\MiKTeX\tex\latex\base\ulasy.fd
File: ulasy.fd 1998/08/17 v2.2e LaTeX symbol font definitions
)
(C:\CTEX\CTeX\tex\latex\CJK\GB\c19fs.fd) (\ziti{D}->gbkfs)
Loading punctuation table gbksong.tbl (C:\CTEX\CTeX\tex\latex\CJK\GB\c19kai.fd)
(\ziti{C}->gbkkai) Loading punctuation table gbkhei.tbl [1{C:/CTEX/UserData/pdf
tex/config/pdftex.map{Unicode.sfd}{UGBK.sfd}}

]
LaTeX Font Info:    Try loading font information for OMS+cmr on input line 99.

(C:\CTEX\MiKTeX\tex\latex\base\omscmr.fd
File: omscmr.fd 1999/05/25 v2.5h Standard LaTeX font definitions
)
LaTeX Font Info:    Font shape `OMS/cmr/m/n' in size <10> not available
(Font)              Font shape `OMS/cmsy/m/n' tried instead on input line 99.
 [2] [3] [4]
<figure/full.png, id=94, 602.25pt x 602.25pt>
File: figure/full.png Graphic file (type png)
 <use figure/full.png>
Package pdftex.def Info: figure/full.png used on input line 194.
(pdftex.def)             Requested size: 165.02345pt x 165.02652pt.

<figure/CVT.png, id=96, 602.25pt x 602.25pt>
File: figure/CVT.png Graphic file (type png)
 <use figure/CVT.png>
Package pdftex.def Info: figure/CVT.png used on input line 197.
(pdftex.def)             Requested size: 165.02345pt x 165.02652pt.
 [5 <D:/CVT可视化/szjs/ms20170921/figure/full.png> <D:/CVT可视化/szjs/ms2
0170921/figure/CVT.png>] [6] <figure/chart.png, id=106, 362.10281pt x 217.5628p
t>
File: figure/chart.png Graphic file (type png)

<use figure/chart.png>
Package pdftex.def Info: figure/chart.png used on input line 259.
(pdftex.def)             Requested size: 284.53311pt x 170.72742pt.
 [7 <D:/CVT可视化/szjs/ms20170921/figure/chart.png>]
<figure/jy1.png, id=114, 602.25pt x 602.25pt>
File: figure/jy1.png Graphic file (type png)
 <use figure/jy1.png>
Package pdftex.def Info: figure/jy1.png used on input line 387.
(pdftex.def)             Requested size: 165.0266pt x 165.02652pt.

<figure/jy5.png, id=115, 602.25pt x 602.25pt>
File: figure/jy5.png Graphic file (type png)
 <use figure/jy5.png>
Package pdftex.def Info: figure/jy5.png used on input line 392.
(pdftex.def)             Requested size: 165.0266pt x 165.02652pt.

<figure/jy9.png, id=116, 602.25pt x 602.25pt>
File: figure/jy9.png Graphic file (type png)
 <use figure/jy9.png>
Package pdftex.def Info: figure/jy9.png used on input line 397.
(pdftex.def)             Requested size: 165.0266pt x 165.02652pt.

<figure/jy13.png, id=117, 602.25pt x 602.25pt>
File: figure/jy13.png Graphic file (type png)
 <use figure/jy13.png>
Package pdftex.def Info: figure/jy13.png used on input line 402.
(pdftex.def)             Requested size: 165.0266pt x 165.02652pt.

Overfull \hbox (2.2222pt too wide) in paragraph at lines 384--404
[][] []
 []


Overfull \hbox (2.2222pt too wide) in paragraph at lines 384--404
[] [] 
 []

<figure/smallarrow1.png, id=118, 602.25pt x 602.25pt>
File: figure/smallarrow1.png Graphic file (type png)

<use figure/smallarrow1.png>
Package pdftex.def Info: figure/smallarrow1.png used on input line 416.
(pdftex.def)             Requested size: 165.02345pt x 165.02652pt.

Overfull \hbox (4.44443pt too wide) in paragraph at lines 414--417
[][]  [] 
 []

<figure/bigarrow1.png, id=119, 602.25pt x 602.25pt>
File: figure/bigarrow1.png Graphic file (type png)
 <use figure/bigarrow1.png>
Package pdftex.def Info: figure/bigarrow1.png used on input line 421.
(pdftex.def)             Requested size: 165.02345pt x 165.02652pt.

Overfull \hbox (4.44443pt too wide) in paragraph at lines 419--422
[][]  [] 
 []

<figure/smallarrow3.png, id=120, 602.25pt x 602.25pt>
File: figure/smallarrow3.png Graphic file (type png)

<use figure/smallarrow3.png>
Package pdftex.def Info: figure/smallarrow3.png used on input line 426.
(pdftex.def)             Requested size: 165.02345pt x 165.02652pt.

Overfull \hbox (4.44443pt too wide) in paragraph at lines 424--427
[][]  [] 
 []

<figure/bigarrow3.png, id=121, 602.25pt x 602.25pt>
File: figure/bigarrow3.png Graphic file (type png)
 <use figure/bigarrow3.png>
Package pdftex.def Info: figure/bigarrow3.png used on input line 431.
(pdftex.def)             Requested size: 165.02345pt x 165.02652pt.

Overfull \hbox (4.44443pt too wide) in paragraph at lines 429--432
[][]  [] 
 []

<figure/smallarrow5.png, id=122, 602.25pt x 602.25pt>
File: figure/smallarrow5.png Graphic file (type png)

<use figure/smallarrow5.png>
Package pdftex.def Info: figure/smallarrow5.png used on input line 436.
(pdftex.def)             Requested size: 165.02345pt x 165.02652pt.

Overfull \hbox (4.44443pt too wide) in paragraph at lines 434--437
[][]  [] 
 []

<figure/bigarrow5.png, id=123, 602.25pt x 602.25pt>
File: figure/bigarrow5.png Graphic file (type png)
 <use figure/bigarrow5.png>
Package pdftex.def Info: figure/bigarrow5.png used on input line 441.
(pdftex.def)             Requested size: 165.02345pt x 165.02652pt.

Overfull \hbox (4.44443pt too wide) in paragraph at lines 439--442
[][]  [] 
 []

[8] [9 <D:/CVT可视化/szjs/ms20170921/figure/jy1.png> <D:/CVT可视化/szjs/m
s20170921/figure/jy5.png> <D:/CVT可视化/szjs/ms20170921/figure/jy9.png> <D:/
CVT可视化/szjs/ms20170921/figure/jy13.png>] [10 <D:/CVT可视化/szjs/ms2017
0921/figure/smallarrow1.png> <D:/CVT可视化/szjs/ms20170921/figure/bigarrow1.
png> <D:/CVT可视化/szjs/ms20170921/figure/smallarrow3.png> <D:/CVT可视化/
szjs/ms20170921/figure/bigarrow3.png> <D:/CVT可视化/szjs/ms20170921/figure/s
mallarrow5.png> <D:/CVT可视化/szjs/ms20170921/figure/bigarrow5.png>]
[11

] [12] (D:\CVT可视化\szjs\ms20170921\cjcmsample.aux) ) 
Here is how much of TeX's memory you used:
 4673 strings out of 495354
 57889 string characters out of 3183860
 146165 words of memory out of 3000000
 7671 multiletter control sequences out of 15000+200000
 58396 words of font info for 210 fonts, out of 3000000 for 9000
 14 hyphenation exceptions out of 8191
 35i,18n,39p,731b,513s stack positions out of 5000i,500n,10000p,200000b,50000s
<C:/Windows/Fonts/simh
ei.ttf><C:/Windows/Fonts/simhei.ttf><C:/Windows/Fonts/simhei.ttf><C:/Windows/Fo
nts/simhei.ttf><C:/Windows/Fonts/simhei.ttf><C:/CTEX/CTeX/fonts/truetype/chines
e/simsun.ttf><C:/Windows/Fonts/simhei.ttf><C:/Windows/Fonts/simhei.ttf><C:/Wind
ows/Fonts/simhei.ttf><C:/Windows/Fonts/simhei.ttf><C:/CTEX/CTeX/fonts/truetype/
chinese/simsun.ttf><C:/Windows/Fonts/simhei.ttf><C:/CTEX/CTeX/fonts/truetype/ch
inese/simsun.ttf><C:/Windows/Fonts/simhei.ttf><C:/Windows/Fonts/simhei.ttf><C:/
Windows/Fonts/simhei.ttf><C:/Windows/Fonts/simhei.ttf><C:/CTEX/CTeX/fonts/truet
ype/chinese/simsun.ttf><C:/CTEX/CTeX/fonts/truetype/chinese/simsun.ttf><C:/CTEX
/CTeX/fonts/truetype/chinese/simsun.ttf><C:/CTEX/CTeX/fonts/truetype/chinese/si
msun.ttf><C:/CTEX/CTeX/fonts/truetype/chinese/simsun.ttf><C:/CTEX/CTeX/fonts/tr
uetype/chinese/simsun.ttf><C:/CTEX/CTeX/fonts/truetype/chinese/simsun.ttf><C:/C
TEX/CTeX/fonts/truetype/chinese/simsun.ttf><C:/CTEX/CTeX/fonts/truetype/chinese
/simsun.ttf><C:/CTEX/CTeX/fonts/truetype/chinese/simsun.ttf><C:/CTEX/CTeX/fonts
/truetype/chinese/simsun.ttf><C:/Windows/Fonts/simhei.ttf><C:/Windows/Fonts/sim
fang.ttf><C:/Windows/Fonts/simfang.ttf><C:/Windows/Fonts/simfang.ttf><C:/CTEX/C
TeX/fonts/truetype/chinese/simsun.ttf><C:/CTEX/CTeX/fonts/truetype/chinese/sims
un.ttf><C:/CTEX/CTeX/fonts/truetype/chinese/simsun.ttf><C:/CTEX/CTeX/fonts/true
type/chinese/simsun.ttf><C:/CTEX/CTeX/fonts/truetype/chinese/simsun.ttf><C:/CTE
X/CTeX/fonts/truetype/chinese/simsun.ttf><C:/CTEX/CTeX/fonts/truetype/chinese/s
imsun.ttf><C:/CTEX/CTeX/fonts/truetype/chinese/simsun.ttf><C:/Windows/Fonts/sim
fang.ttf><C:/Windows/Fonts/simfang.ttf><C:/Windows/Fonts/simfang.ttf><C:/Window
s/Fonts/simhei.ttf><C:/Windows/Fonts/simhei.ttf><C:/Windows/Fonts/simhei.ttf><C
:/Windows/Fonts/simhei.ttf><C:/Windows/Fonts/simhei.ttf><C:/Windows/Fonts/simhe
i.ttf><C:/Windows/Fonts/simhei.ttf><C:/Windows/Fonts/simhei.ttf><C:/Windows/Fon
ts/simhei.ttf><C:/Windows/Fonts/simhei.ttf><C:/Windows/Fonts/simhei.ttf><C:/CTE
X/CTeX/fonts/truetype/chinese/simsun.ttf><C:/CTEX/CTeX/fonts/truetype/chinese/s
imsun.ttf><C:/CTEX/CTeX/fonts/truetype/chinese/simsun.ttf><C:/CTEX/CTeX/fonts/t
ruetype/chinese/simsun.ttf><C:/CTEX/CTeX/fonts/truetype/chinese/simsun.ttf><C:/
CTEX/CTeX/fonts/truetype/chinese/simsun.ttf><C:/CTEX/CTeX/fonts/truetype/chines
e/simsun.ttf><C:/CTEX/CTeX/fonts/truetype/chinese/simsun.ttf><C:/CTEX/CTeX/font
s/truetype/chinese/simsun.ttf><C:/CTEX/CTeX/fonts/truetype/chinese/simsun.ttf><
C:/CTEX/CTeX/fonts/truetype/chinese/simsun.ttf><C:/CTEX/MiKTeX/fonts/type1/publ
ic/amsfonts/cm/cmbx10.pfb><C:/CTEX/MiKTeX/fonts/type1/public/amsfonts/cm/cmbx12
.pfb><C:/CTEX/MiKTeX/fonts/type1/public/amsfonts/cm/cmbx7.pfb><C:/CTEX/MiKTeX/f
onts/type1/public/amsfonts/cm/cmbx9.pfb><C:/CTEX/MiKTeX/fonts/type1/public/amsf
onts/cm/cmex10.pfb><C:/CTEX/MiKTeX/fonts/type1/public/amsfonts/cmextra/cmex7.pf
b><C:/CTEX/MiKTeX/fonts/type1/public/amsfonts/cm/cmmi10.pfb><C:/CTEX/MiKTeX/fon
ts/type1/public/amsfonts/cm/cmmi5.pfb><C:/CTEX/MiKTeX/fonts/type1/public/amsfon
ts/cm/cmmi7.pfb><C:/CTEX/MiKTeX/fonts/type1/public/amsfonts/cm/cmr10.pfb><C:/CT
EX/MiKTeX/fonts/type1/public/amsfonts/cm/cmr12.pfb><C:/CTEX/MiKTeX/fonts/type1/
public/amsfonts/cm/cmr5.pfb><C:/CTEX/MiKTeX/fonts/type1/public/amsfonts/cm/cmr6
.pfb><C:/CTEX/MiKTeX/fonts/type1/public/amsfonts/cm/cmr7.pfb><C:/CTEX/MiKTeX/fo
nts/type1/public/amsfonts/cm/cmr8.pfb><C:/CTEX/MiKTeX/fonts/type1/public/amsfon
ts/cm/cmr9.pfb><C:/CTEX/MiKTeX/fonts/type1/public/amsfonts/cm/cmsy10.pfb><C:/CT
EX/MiKTeX/fonts/type1/public/amsfonts/cm/cmsy7.pfb><C:/CTEX/MiKTeX/fonts/type1/
public/amsfonts/cm/cmti10.pfb><C:/CTEX/MiKTeX/fonts/type1/public/amsfonts/cm/cm
ti9.pfb>
Output written on cjcmsample.pdf (12 pages, 701578 bytes).
PDF statistics:
 403 PDF objects out of 1000 (max. 8388607)
 0 named destinations out of 1000 (max. 500000)
 66 words of extra memory for PDF output out of 10000 (max. 10000000)

